Log file open, 05/15/18 17:38:27
LogWindows: Failed to load 'aqProf.dll' (GetLastError=126)
LogWindows: File 'aqProf.dll' does not exist
LogWindows: Failed to load 'VtuneApi.dll' (GetLastError=126)
LogWindows: File 'VtuneApi.dll' does not exist
LogWindows: Failed to load 'VtuneApi32e.dll' (GetLastError=126)
LogWindows: File 'VtuneApi32e.dll' does not exist
LogInit: Display: Running engine for game: RecursiveTCC
LogPlatformFile: Not using cached read wrapper
LogInit: Display: RandInit(1491587390) SRandInit(1491587390).
LogInit: Read version file with build ID '3944462'
LogInit: Overriding engine version to CL 4033788, compatible CL 3944462
LogInit: Registered custom module enumerator with build ID '3944462'
LogTaskGraph: Started task graph with 5 named threads and 14 total threads with 3 sets of task threads.
LogStats: Stats thread started at 0.201966
LogD3D11RHI: Aftermath initialized
LogICUInternationalization: Display: ICU TimeZone Detection - Raw Offset: -3:00, Platform Override: ''
LogModuleManager: Display: Found up-to-date module file ../../../Engine/Plugins/2D/Paper2D/Binaries/Win64/UE4Editor-Paper2D.dll (API version 3944462).
LogModuleManager: Display: Found up-to-date module file ../../../Engine/Plugins/2D/Paper2D/Binaries/Win64/UE4Editor-Paper2DEditor.dll (API version 3944462).
LogModuleManager: Display: Found up-to-date module file ../../../Engine/Plugins/2D/Paper2D/Binaries/Win64/UE4Editor-PaperSpriteSheetImporter.dll (API version 3944462).
LogModuleManager: Display: Found up-to-date module file ../../../Engine/Plugins/2D/Paper2D/Binaries/Win64/UE4Editor-PaperTiledImporter.dll (API version 3944462).
LogModuleManager: Display: Found up-to-date module file ../../../Engine/Plugins/2D/Paper2D/Binaries/Win64/UE4Editor-SmartSnapping.dll (API version 3944462).
LogModuleManager: Display: Found up-to-date module file ../../../Engine/Plugins/Blendables/LightPropagationVolume/Binaries/Win64/UE4Editor-LightPropagationVolumeRuntime.dll (API version 3944462).
LogModuleManager: Display: Found up-to-date module file ../../../Engine/Plugins/Blendables/LightPropagationVolume/Binaries/Win64/UE4Editor-LightPropagationVolumeEditor.dll (API version 3944462).
LogModuleManager: Display: Found up-to-date module file ../../../Engine/Plugins/Developer/CLionSourceCodeAccess/Binaries/Win64/UE4Editor-CLionSourceCodeAccess.dll (API version 3944462).
LogModuleManager: Display: Found up-to-date module file ../../../Engine/Plugins/Developer/GitSourceControl/Binaries/Win64/UE4Editor-GitSourceControl.dll (API version 3944462).
LogModuleManager: Display: Found up-to-date module file ../../../Engine/Plugins/Developer/PerforceSourceControl/Binaries/Win64/UE4Editor-PerforceSourceControl.dll (API version 3944462).
LogModuleManager: Display: Found up-to-date module file ../../../Engine/Plugins/Developer/SubversionSourceControl/Binaries/Win64/UE4Editor-SubversionSourceControl.dll (API version 3944462).
LogModuleManager: Display: Found up-to-date module file ../../../Engine/Plugins/Developer/UObjectPlugin/Binaries/Win64/UE4Editor-UObjectPlugin.dll (API version 3944462).
LogModuleManager: Display: Found up-to-date module file ../../../Engine/Plugins/Developer/VisualStudioCodeSourceCodeAccess/Binaries/Win64/UE4Editor-VisualStudioCodeSourceCodeAccess.dll (API version 3944462).
LogModuleManager: Display: Found up-to-date module file ../../../Engine/Plugins/Developer/VisualStudioSourceCodeAccess/Binaries/Win64/UE4Editor-VisualStudioSourceCodeAccess.dll (API version 3944462).
LogModuleManager: Display: Found up-to-date module file ../../../Engine/Plugins/Editor/AssetManagerEditor/Binaries/Win64/UE4Editor-AssetManagerEditor.dll (API version 3944462).
LogModuleManager: Display: Found up-to-date module file ../../../Engine/Plugins/Editor/CryptoKeys/Binaries/Win64/UE4Editor-CryptoKeys.dll (API version 3944462).
LogModuleManager: Display: Found up-to-date module file ../../../Engine/Plugins/Editor/CryptoKeys/Binaries/Win64/UE4Editor-CryptoKeysOpenSSL.dll (API version 3944462).
LogModuleManager: Display: Found up-to-date module file ../../../Engine/Plugins/Editor/DataValidation/Binaries/Win64/UE4Editor-DataValidation.dll (API version 3944462).
LogModuleManager: Display: Found up-to-date module file ../../../Engine/Plugins/Editor/FacialAnimation/Binaries/Win64/UE4Editor-FacialAnimation.dll (API version 3944462).
LogModuleManager: Display: Found up-to-date module file ../../../Engine/Plugins/Editor/FacialAnimation/Binaries/Win64/UE4Editor-FacialAnimationEditor.dll (API version 3944462).
LogModuleManager: Display: Found up-to-date module file ../../../Engine/Plugins/Editor/GameplayTagsEditor/Binaries/Win64/UE4Editor-GameplayTagsEditor.dll (API version 3944462).
LogModuleManager: Display: Found up-to-date module file ../../../Engine/Plugins/Editor/MobileLauncherProfileWizard/Binaries/Win64/UE4Editor-MobileLauncherProfileWizard.dll (API version 3944462).
LogModuleManager: Display: Found up-to-date module file ../../../Engine/Plugins/Editor/PluginBrowser/Binaries/Win64/UE4Editor-PluginBrowser.dll (API version 3944462).
LogModuleManager: Display: Found up-to-date module file ../../../Engine/Plugins/Editor/SpeedTreeImporter/Binaries/Win64/UE4Editor-SpeedTreeImporter.dll (API version 3944462).
LogModuleManager: Display: Found up-to-date module file ../../../Engine/Plugins/Enterprise/DatasmithContent/Binaries/Win64/UE4Editor-DatasmithContent.dll (API version 3944462).
LogModuleManager: Display: Found up-to-date module file ../../../Engine/Plugins/Experimental/AlembicImporter/Binaries/Win64/UE4Editor-AlembicImporter.dll (API version 3944462).
LogModuleManager: Display: Found up-to-date module file ../../../Engine/Plugins/Experimental/AlembicImporter/Binaries/Win64/UE4Editor-AlembicLibrary.dll (API version 3944462).
LogModuleManager: Display: Found up-to-date module file ../../../Engine/Plugins/Experimental/CharacterAI/Binaries/Win64/UE4Editor-CharacterAI.dll (API version 3944462).
LogModuleManager: Display: Found up-to-date module file ../../../Engine/Plugins/Experimental/HTML5Networking/Binaries/Win64/UE4Editor-HTML5Networking.dll (API version 3944462).
LogModuleManager: Display: Found up-to-date module file ../../../Engine/Plugins/Media/AndroidMedia/Binaries/Win64/UE4Editor-AndroidMediaEditor.dll (API version 3944462).
LogModuleManager: Display: Found up-to-date module file ../../../Engine/Plugins/Media/AndroidMedia/Binaries/Win64/UE4Editor-AndroidMediaFactory.dll (API version 3944462).
LogModuleManager: Display: Found up-to-date module file ../../../Engine/Plugins/Media/AvfMedia/Binaries/Win64/UE4Editor-AvfMediaEditor.dll (API version 3944462).
LogModuleManager: Display: Found up-to-date module file ../../../Engine/Plugins/Media/AvfMedia/Binaries/Win64/UE4Editor-AvfMediaFactory.dll (API version 3944462).
LogModuleManager: Display: Found up-to-date module file ../../../Engine/Plugins/Media/AvfMedia/Binaries/Win64/UE4Editor-AvfMediaFactory.dll (API version 3944462).
LogModuleManager: Display: Found up-to-date module file ../../../Engine/Plugins/Media/ImgMedia/Binaries/Win64/UE4Editor-ImgMedia.dll (API version 3944462).
LogModuleManager: Display: Found up-to-date module file ../../../Engine/Plugins/Media/ImgMedia/Binaries/Win64/UE4Editor-ImgMediaEditor.dll (API version 3944462).
LogModuleManager: Display: Found up-to-date module file ../../../Engine/Plugins/Media/ImgMedia/Binaries/Win64/UE4Editor-ImgMediaFactory.dll (API version 3944462).
LogModuleManager: Display: Found up-to-date module file ../../../Engine/Plugins/Media/ImgMedia/Binaries/Win64/UE4Editor-ImgMediaFactory.dll (API version 3944462).
LogModuleManager: Display: Found up-to-date module file ../../../Engine/Plugins/Media/ImgMedia/Binaries/Win64/UE4Editor-OpenExrWrapper.dll (API version 3944462).
LogModuleManager: Display: Found up-to-date module file ../../../Engine/Plugins/Media/LinearTimecode/Binaries/Win64/UE4Editor-LinearTimecode.dll (API version 3944462).
LogModuleManager: Display: Found up-to-date module file ../../../Engine/Plugins/Media/MediaCompositing/Binaries/Win64/UE4Editor-MediaCompositing.dll (API version 3944462).
LogModuleManager: Display: Found up-to-date module file ../../../Engine/Plugins/Media/MediaCompositing/Binaries/Win64/UE4Editor-MediaCompositingEditor.dll (API version 3944462).
LogModuleManager: Display: Found up-to-date module file ../../../Engine/Plugins/Media/MediaPlayerEditor/Binaries/Win64/UE4Editor-MediaPlayerEditor.dll (API version 3944462).
LogModuleManager: Display: Found up-to-date module file ../../../Engine/Plugins/Media/WmfMedia/Binaries/Win64/UE4Editor-WmfMedia.dll (API version 3944462).
LogModuleManager: Display: Found up-to-date module file ../../../Engine/Plugins/Media/WmfMedia/Binaries/Win64/UE4Editor-WmfMediaEditor.dll (API version 3944462).
LogModuleManager: Display: Found up-to-date module file ../../../Engine/Plugins/Media/WmfMedia/Binaries/Win64/UE4Editor-WmfMediaFactory.dll (API version 3944462).
LogModuleManager: Display: Found up-to-date module file ../../../Engine/Plugins/Media/WmfMedia/Binaries/Win64/UE4Editor-WmfMediaFactory.dll (API version 3944462).
LogModuleManager: Display: Found up-to-date module file ../../../Engine/Plugins/Messaging/TcpMessaging/Binaries/Win64/UE4Editor-TcpMessaging.dll (API version 3944462).
LogModuleManager: Display: Found up-to-date module file ../../../Engine/Plugins/Messaging/UdpMessaging/Binaries/Win64/UE4Editor-UdpMessaging.dll (API version 3944462).
LogModuleManager: Display: Found up-to-date module file ../../../Engine/Plugins/MovieScene/ActorSequence/Binaries/Win64/UE4Editor-ActorSequence.dll (API version 3944462).
LogModuleManager: Display: Found up-to-date module file ../../../Engine/Plugins/MovieScene/LevelSequenceEditor/Binaries/Win64/UE4Editor-LevelSequenceEditor.dll (API version 3944462).
LogModuleManager: Display: Found up-to-date module file ../../../Engine/Plugins/MovieScene/MatineeToLevelSequence/Binaries/Win64/UE4Editor-MatineeToLevelSequence.dll (API version 3944462).
LogModuleManager: Display: Found up-to-date module file ../../../Engine/Plugins/NetcodeUnitTest/NetcodeUnitTest/Binaries/Win64/UE4Editor-NetcodeUnitTest.dll (API version 3944462).
LogModuleManager: Display: Found up-to-date module file ../../../Engine/Plugins/NetcodeUnitTest/NUTUnrealEngine4/Binaries/Win64/UE4Editor-NUTUnrealEngine4.dll (API version 3944462).
LogModuleManager: Display: Found up-to-date module file ../../../Engine/Plugins/Online/OnlineSubsystem/Binaries/Win64/UE4Editor-OnlineSubsystem.dll (API version 3944462).
LogModuleManager: Display: Found up-to-date module file ../../../Engine/Plugins/Runtime/AndroidPermission/Binaries/Win64/UE4Editor-AndroidPermission.dll (API version 3944462).
LogModuleManager: Display: Found up-to-date module file ../../../Engine/Plugins/Online/OnlineSubsystemNull/Binaries/Win64/UE4Editor-OnlineSubsystemNull.dll (API version 3944462).
LogModuleManager: Display: Found up-to-date module file ../../../Engine/Plugins/Online/OnlineSubsystemUtils/Binaries/Win64/UE4Editor-OnlineSubsystemUtils.dll (API version 3944462).
LogModuleManager: Display: Found up-to-date module file ../../../Engine/Plugins/Online/OnlineSubsystemUtils/Binaries/Win64/UE4Editor-OnlineBlueprintSupport.dll (API version 3944462).
LogModuleManager: Display: Found up-to-date module file ../../../Engine/Plugins/Runtime/AndroidDeviceProfileSelector/Binaries/Win64/UE4Editor-AndroidDeviceProfileSelector.dll (API version 3944462).
LogModuleManager: Display: Found up-to-date module file ../../../Engine/Plugins/Runtime/AppleARKit/Binaries/Win64/UE4Editor-AppleARKit.dll (API version 3944462).
LogModuleManager: Display: Found up-to-date module file ../../../Engine/Plugins/Runtime/ProceduralMeshComponent/Binaries/Win64/UE4Editor-ProceduralMeshComponent.dll (API version 3944462).
LogModuleManager: Display: Found up-to-date module file ../../../Engine/Plugins/Runtime/ProceduralMeshComponent/Binaries/Win64/UE4Editor-ProceduralMeshComponentEditor.dll (API version 3944462).
LogModuleManager: Display: Found up-to-date module file ../../../Engine/Plugins/Animation/LiveLink/Binaries/Win64/UE4Editor-LiveLink.dll (API version 3944462).
LogModuleManager: Display: Found up-to-date module file ../../../Engine/Plugins/Animation/LiveLink/Binaries/Win64/UE4Editor-LiveLinkEditor.dll (API version 3944462).
LogModuleManager: Display: Found up-to-date module file ../../../Engine/Plugins/Runtime/ArchVisCharacter/Binaries/Win64/UE4Editor-ArchVisCharacter.dll (API version 3944462).
LogModuleManager: Display: Found up-to-date module file ../../../Engine/Plugins/Runtime/AudioCapture/Binaries/Win64/UE4Editor-AudioCapture.dll (API version 3944462).
LogModuleManager: Display: Found up-to-date module file ../../../Engine/Plugins/Runtime/AudioCapture/Binaries/Win64/UE4Editor-AudioCaptureEditor.dll (API version 3944462).
LogModuleManager: Display: Found up-to-date module file ../../../Engine/Plugins/Runtime/CableComponent/Binaries/Win64/UE4Editor-CableComponent.dll (API version 3944462).
LogModuleManager: Display: Found up-to-date module file ../../../Engine/Plugins/Runtime/CustomMeshComponent/Binaries/Win64/UE4Editor-CustomMeshComponent.dll (API version 3944462).
LogModuleManager: Display: Found up-to-date module file ../../../Engine/Plugins/Runtime/ExampleDeviceProfileSelector/Binaries/Win64/UE4Editor-ExampleDeviceProfileSelector.dll (API version 3944462).
LogModuleManager: Display: Found up-to-date module file ../../../Engine/Plugins/Runtime/ImmediatePhysics/Binaries/Win64/UE4Editor-ImmediatePhysics.dll (API version 3944462).
LogModuleManager: Display: Found up-to-date module file ../../../Engine/Plugins/Runtime/ImmediatePhysics/Binaries/Win64/UE4Editor-ImmediatePhysicsEditor.dll (API version 3944462).
LogModuleManager: Display: Found up-to-date module file ../../../Engine/Plugins/Runtime/LocationServicesBPLibrary/Binaries/Win64/UE4Editor-LocationServicesBPLibrary.dll (API version 3944462).
LogModuleManager: Display: Found up-to-date module file ../../../Engine/Plugins/Runtime/MobilePatchingUtils/Binaries/Win64/UE4Editor-MobilePatchingUtils.dll (API version 3944462).
LogModuleManager: Display: Found up-to-date module file ../../../Engine/Plugins/Runtime/Oculus/OculusVR/Binaries/Win64/UE4Editor-OculusHMD.dll (API version 3944462).
LogModuleManager: Display: Found up-to-date module file ../../../Engine/Plugins/Runtime/Oculus/OculusVR/Binaries/Win64/UE4Editor-OculusInput.dll (API version 3944462).
LogModuleManager: Display: Found up-to-date module file ../../../Engine/Plugins/Runtime/Oculus/OculusVR/Binaries/Win64/UE4Editor-OculusEditor.dll (API version 3944462).
LogModuleManager: Display: Found up-to-date module file ../../../Engine/Plugins/Runtime/PhysXVehicles/Binaries/Win64/UE4Editor-PhysXVehicles.dll (API version 3944462).
LogModuleManager: Display: Found up-to-date module file ../../../Engine/Plugins/Runtime/PhysXVehicles/Binaries/Win64/UE4Editor-PhysXVehiclesEditor.dll (API version 3944462).
LogModuleManager: Display: Found up-to-date module file ../../../Engine/Plugins/Runtime/RuntimePhysXCooking/Binaries/Win64/UE4Editor-RuntimePhysXCooking.dll (API version 3944462).
LogModuleManager: Display: Found up-to-date module file ../../../Engine/Plugins/Runtime/Steam/SteamVR/Binaries/Win64/UE4Editor-SteamVR.dll (API version 3944462).
LogModuleManager: Display: Found up-to-date module file ../../../Engine/Plugins/Runtime/Steam/SteamVR/Binaries/Win64/UE4Editor-SteamVRController.dll (API version 3944462).
LogModuleManager: Display: Found up-to-date module file ../../../Engine/Plugins/Runtime/WindowsMoviePlayer/Binaries/Win64/UE4Editor-WindowsMoviePlayer.dll (API version 3944462).
LogPluginManager: Mounting plugin Paper2D
LogPluginManager: Mounting plugin LiveLink
LogPluginManager: Mounting plugin LightPropagationVolume
LogPluginManager: Mounting plugin CLionSourceCodeAccess
LogPluginManager: Mounting plugin CodeLiteSourceCodeAccess
LogPluginManager: Mounting plugin GitSourceControl
LogPluginManager: Mounting plugin KDevelopSourceCodeAccess
LogPluginManager: Mounting plugin NullSourceCodeAccess
LogPluginManager: Mounting plugin PerforceSourceControl
LogPluginManager: Mounting plugin SubversionSourceControl
LogPluginManager: Mounting plugin UObjectPlugin
LogPluginManager: Mounting plugin VisualStudioCodeSourceCodeAccess
LogPluginManager: Mounting plugin VisualStudioSourceCodeAccess
LogPluginManager: Mounting plugin XCodeSourceCodeAccess
LogPluginManager: Mounting plugin AssetManagerEditor
LogPluginManager: Mounting plugin CryptoKeys
LogPluginManager: Mounting plugin DataValidation
LogPluginManager: Mounting plugin FacialAnimation
LogPluginManager: Mounting plugin GameplayTagsEditor
LogPluginManager: Mounting plugin MobileLauncherProfileWizard
LogPluginManager: Mounting plugin PluginBrowser
LogPluginManager: Mounting plugin SpeedTreeImporter
LogPluginManager: Mounting plugin DatasmithContent
LogPluginManager: Mounting plugin AlembicImporter
LogPluginManager: Mounting plugin CharacterAI
LogPluginManager: Mounting plugin HTML5Networking
LogPluginManager: Mounting plugin AndroidMedia
LogPluginManager: Mounting plugin AvfMedia
LogPluginManager: Mounting plugin ImgMedia
LogPluginManager: Mounting plugin LinearTimecode
LogPluginManager: Mounting plugin MediaCompositing
LogPluginManager: Mounting plugin MediaPlayerEditor
LogPluginManager: Mounting plugin WmfMedia
LogPluginManager: Mounting plugin TcpMessaging
LogPluginManager: Mounting plugin UdpMessaging
LogPluginManager: Mounting plugin ActorSequence
LogPluginManager: Mounting plugin LevelSequenceEditor
LogPluginManager: Mounting plugin MatineeToLevelSequence
LogPluginManager: Mounting plugin NetcodeUnitTest
LogPluginManager: Mounting plugin NUTUnrealEngine4
LogPluginManager: Mounting plugin OnlineSubsystemGooglePlay
LogPluginManager: Mounting plugin OnlineSubsystemIOS
LogPluginManager: Mounting plugin OnlineSubsystem
LogPluginManager: Mounting plugin OnlineSubsystemNull
LogPluginManager: Mounting plugin OnlineSubsystemUtils
LogPluginManager: Mounting plugin AndroidDeviceProfileSelector
LogPluginManager: Mounting plugin AndroidMoviePlayer
LogPluginManager: Mounting plugin AndroidPermission
LogPluginManager: Mounting plugin AppleARKit
LogPluginManager: Mounting plugin AppleMoviePlayer
LogPluginManager: Mounting plugin ArchVisCharacter
LogPluginManager: Mounting plugin AudioCapture
LogPluginManager: Mounting plugin CableComponent
LogPluginManager: Mounting plugin CustomMeshComponent
LogPluginManager: Mounting plugin ExampleDeviceProfileSelector
LogPluginManager: Mounting plugin GoogleCloudMessaging
LogPluginManager: Mounting plugin ImmediatePhysics
LogPluginManager: Mounting plugin IOSDeviceProfileSelector
LogPluginManager: Mounting plugin LinuxDeviceProfileSelector
LogPluginManager: Mounting plugin LocationServicesBPLibrary
LogPluginManager: Mounting plugin MobilePatchingUtils
LogPluginManager: Mounting plugin OculusVR
LogPluginManager: Plugin shader directory ../../../Engine/Plugins/Runtime/Oculus/OculusVR/Shaders found
LogPluginManager: Mapping shader source directory ../../../Engine/Plugins/Runtime/Oculus/OculusVR/Shaders to virtual directory /Plugin/OculusVR
LogPluginManager: Mounting plugin PhysXVehicles
LogPluginManager: Mounting plugin ProceduralMeshComponent
LogPluginManager: Mounting plugin RuntimePhysXCooking
LogPluginManager: Mounting plugin SteamVR
LogPluginManager: Mounting plugin WindowsMoviePlayer
LogStreaming: Display: Took  1.945s to configure plugins.
LogInit: Using libcurl 7.47.1
LogInit:  - built for x86_64-pc-win32
LogInit:  - supports SSL with OpenSSL/1.0.2g
LogInit:  - supports HTTP deflate (compression) using libz 1.2.8
LogInit:  - other features:
LogInit:      CURL_VERSION_SSL
LogInit:      CURL_VERSION_LIBZ
LogInit:      CURL_VERSION_IPV6
LogInit:      CURL_VERSION_ASYNCHDNS
LogInit:      CURL_VERSION_LARGEFILE
LogInit:      CURL_VERSION_IDN
LogInit:  CurlRequestOptions (configurable via config and command line):
LogInit:  - bVerifyPeer = false  - Libcurl will NOT verify peer certificate
LogInit:  - bUseHttpProxy = false  - Libcurl will NOT use HTTP proxy
LogInit:  - bDontReuseConnections = false  - Libcurl will reuse connections
LogInit:  - CertBundlePath = nullptr  - Libcurl will use whatever was configured at build time.
LogInit:  - MaxHostConnections = 16  - Libcurl will limit the number of connections to a host
LogInit:  - LocalHostAddr = Default
LogInit: WinSock: version 1.1 (2.2), MaxSocks=32767, MaxUdp=65467
LogInit: WinSock: I am DESKTOP-L5A8SVJ (192.168.0.5:0)
LogInit: Build: ++UE4+Release-4.19-CL-4033788
LogInit: Engine Version: 4.19.2-4033788+++UE4+Release-4.19
LogInit: Compatible Engine Version: 4.19.0-3944462+++UE4+Release-4.19
LogInit: Net CL: 3944462
LogDevObjectVersion: Number of dev versions registered: 18
LogDevObjectVersion:   Dev-Blueprints (B0D832E4-1F89-4F0D-ACCF-7EB736FD4AA2): 10
LogDevObjectVersion:   Dev-Build (E1C64328-A22C-4D53-A36C-8E866417BD8C): 0
LogDevObjectVersion:   Dev-Core (375EC13C-06E4-48FB-B500-84F0262A717E): 2
LogDevObjectVersion:   Dev-Editor (E4B068ED-F494-42E9-A231-DA0B2E46BB41): 23
LogDevObjectVersion:   Dev-Framework (CFFC743F-43B0-4480-9391-14DF171D2073): 33
LogDevObjectVersion:   Dev-Mobile (B02B49B5-BB20-44E9-A304-32B752E40360): 2
LogDevObjectVersion:   Dev-Networking (A4E4105C-59A1-49B5-A7C5-40C4547EDFEE): 0
LogDevObjectVersion:   Dev-Online (39C831C9-5AE6-47DC-9A44-9C173E1C8E7C): 0
LogDevObjectVersion:   Dev-Physics (78F01B33-EBEA-4F98-B9B4-84EACCB95AA2): 0
LogDevObjectVersion:   Dev-Platform (6631380F-2D4D-43E0-8009-CF276956A95A): 0
LogDevObjectVersion:   Dev-Rendering (12F88B9F-8875-4AFC-A67C-D90C383ABD29): 25
LogDevObjectVersion:   Dev-Sequencer (7B5AE74C-D270-4C10-A958-57980B212A5A): 6
LogDevObjectVersion:   Dev-VR (D7296918-1DD6-4BDD-9DE2-64A83CC13884): 1
LogDevObjectVersion:   Dev-LoadTimes (C2A15278-BFE7-4AFE-6C17-90FF531DF755): 1
LogDevObjectVersion:   Private-Geometry (6EACA3D4-40EC-4CC1-B786-8BED09428FC5): 2
LogDevObjectVersion:   Dev-AnimPhys (29E575DD-E0A3-4627-9D10-D276232CDCEA): 16
LogDevObjectVersion:   Dev-ReflectionCapture (6B266CEC-1EC7-4B8F-A30B-E4D90942FC07): 1
LogDevObjectVersion:   Dev-Automation (0DF73D61-A23F-47EA-B727-89E90C41499A): 1
LogInit: Compiled (64-bit): Apr 27 2018 02:06:57
LogInit: Compiled with Visual C++: 19.00.24215.01
LogInit: Build Configuration: Development
LogInit: Branch Name: ++UE4+Release-4.19
LogInit: Command Line: -EpicPortal 
LogInit: Base Directory: C:/Program Files/Epic Games/UE_4.19/Engine/Binaries/Win64/
LogInit: Installed Engine Build: 1
LogStreaming: Display: Took  0.035s to delete old logs.
LogInit: Presizing for max 8388607 objects, including 0 objects not considered by GC, pre-allocating 0 bytes for permanent pool.
LogInit: Object subsystem initialized
[2018.05.15-20.38.29:907][  0]LogInit: Selected Device Profile: [Windows]
[2018.05.15-20.38.29:907][  0]LogInit: Applying CVar settings loaded from the selected device profile: [Windows]
[2018.05.15-20.38.30:008][  0]LogInit: Computer: DESKTOP-L5A8SVJ
[2018.05.15-20.38.30:008][  0]LogInit: User: rotci
[2018.05.15-20.38.30:008][  0]LogInit: CPU Page size=4096, Cores=4
[2018.05.15-20.38.30:008][  0]LogInit: High frequency timer resolution =2.825624 MHz
[2018.05.15-20.38.30:009][  0]LogMemory: Memory total: Physical=8.0GB (8GB approx)
[2018.05.15-20.38.30:009][  0]LogMemory: Platform Memory Stats for Windows
[2018.05.15-20.38.30:009][  0]LogMemory: Process Physical Memory: 276.93 MB used, 276.93 MB peak
[2018.05.15-20.38.30:009][  0]LogMemory: Process Virtual Memory: 269.95 MB used, 269.95 MB peak
[2018.05.15-20.38.30:009][  0]LogMemory: Physical Memory: 5079.04 MB used,  3095.60 MB free, 8174.64 MB total
[2018.05.15-20.38.30:009][  0]LogMemory: Virtual Memory: 688.01 MB used,  3095.60 MB free, 134217728.00 MB total
[2018.05.15-20.38.30:031][  0]LogInit: Overriding language with editor language configuration option (en).
[2018.05.15-20.38.30:031][  0]LogInit: Overriding locale with editor locale configuration option (en).
[2018.05.15-20.38.30:580][  0]LogStreaming: Display: Took  0.548s to EndInitTextLocalization.
[2018.05.15-20.38.30:580][  0]LogInit: Setting process to per monitor DPI aware
[2018.05.15-20.38.30:618][  0]LogSlate: New Slate User Created.  User Index 0, Is Virtual User: 0
[2018.05.15-20.38.30:618][  0]LogSlate: Slate User Registered.  User Index 0, Is Virtual User: 0
[2018.05.15-20.38.30:859][  0]LogD3D11RHI: D3D11 adapters:
[2018.05.15-20.38.30:906][  0]LogD3D11RHI:    0. 'NVIDIA GeForce GTX 550 Ti' (Feature Level 11_0)
[2018.05.15-20.38.30:906][  0]LogD3D11RHI:       979/0/4087 MB DedicatedVideo/DedicatedSystem/SharedSystem, Outputs:2, VendorId:0x10de
[2018.05.15-20.38.30:908][  0]LogD3D11RHI:    1. 'Microsoft Basic Render Driver' (Feature Level 11_0)
[2018.05.15-20.38.30:908][  0]LogD3D11RHI:       0/0/4087 MB DedicatedVideo/DedicatedSystem/SharedSystem, Outputs:0, VendorId:0x1414
[2018.05.15-20.38.30:908][  0]LogD3D11RHI: Chosen D3D11 Adapter: 0
[2018.05.15-20.38.30:916][  0]LogD3D11RHI: Creating new Direct3DDevice
[2018.05.15-20.38.30:917][  0]LogD3D11RHI:     GPU DeviceId: 0x1244 (for the marketing name, search the web for "GPU Device Id")
[2018.05.15-20.38.30:917][  0]LogWindows: EnumDisplayDevices:
[2018.05.15-20.38.30:917][  0]LogWindows:    0. 'NVIDIA GeForce GTX 550 Ti' (P:1 D:1)
[2018.05.15-20.38.30:917][  0]LogWindows:    1. 'NVIDIA GeForce GTX 550 Ti' (P:0 D:1)
[2018.05.15-20.38.30:917][  0]LogWindows: DebugString: GetVideoDriverDetailsInvalid PrimaryIsNotTheChoosenAdapter GetVideoDriverDetailsInvalid PrimaryIsNotTheChoosenAdapter FoundDriverCount:0 
[2018.05.15-20.38.30:917][  0]LogD3D11RHI:     Adapter Name: NVIDIA GeForce GTX 550 Ti
[2018.05.15-20.38.30:917][  0]LogD3D11RHI:   Driver Version: Unknown (internal:Unknown, unified:Unknown)
[2018.05.15-20.38.30:917][  0]LogD3D11RHI:      Driver Date: Unknown
[2018.05.15-20.38.30:917][  0]LogRHI: Texture pool is 685 MB (70% of 979 MB)
[2018.05.15-20.38.30:960][  0]LogD3D11RHI: Display: Timestamp queries are currently disabled on this hardware due to instability. Realtime GPU stats will not be available. You can override this behaviour by setting r.NVIDIATimestampWorkaround to 0
[2018.05.15-20.38.30:960][  0]LogD3D11RHI: [Aftermath] Aftermath enabled and primed
[2018.05.15-20.38.30:961][  0]LogD3D11RHI: Async texture creation enabled
[2018.05.15-20.38.30:975][  0]LogD3D11RHI: GPU Timing Frequency: 1000.000000 (Debug: 2 1)
[2018.05.15-20.38.31:025][  0]LogShaderCompilers: Guid format shader working directory is -27 characters bigger than the processId version (../../../../../../Users/rotci/Documents/Unreal Projects/RecursiveTCC 4.19/Intermediate/Shaders/WorkingDirectory/6272/).
[2018.05.15-20.38.31:025][  0]LogShaderCompilers: Cleaned the shader compiler working directory 'C:/Users/rotci/AppData/Local/Temp/UnrealShaderWorkingDir/67456F9148C92BDEE4DB6A98A7013516/'.
[2018.05.15-20.38.31:864][  0]LogTemp: Display: Loaded TP AllDesktopTargetPlatform
[2018.05.15-20.38.31:884][  0]LogTemp: Display: Loaded TP MacClientTargetPlatform
[2018.05.15-20.38.31:903][  0]LogTemp: Display: Loaded TP MacNoEditorTargetPlatform
[2018.05.15-20.38.31:922][  0]LogTemp: Display: Loaded TP MacServerTargetPlatform
[2018.05.15-20.38.31:943][  0]LogTemp: Display: Loaded TP MacTargetPlatform
[2018.05.15-20.38.31:966][  0]LogTemp: Display: Loaded TP WindowsClientTargetPlatform
[2018.05.15-20.38.31:986][  0]LogTemp: Display: Loaded TP WindowsNoEditorTargetPlatform
[2018.05.15-20.38.32:007][  0]LogTemp: Display: Loaded TP WindowsServerTargetPlatform
[2018.05.15-20.38.32:016][  0]LogTemp: Display: Loaded TP WindowsTargetPlatform
[2018.05.15-20.38.32:034][  0]LogTemp: Display: Loaded TP Android_ASTCTargetPlatform
[2018.05.15-20.38.32:051][  0]LogTemp: Display: Loaded TP Android_ATCTargetPlatform
[2018.05.15-20.38.32:068][  0]LogTemp: Display: Loaded TP Android_DXTTargetPlatform
[2018.05.15-20.38.32:086][  0]LogTemp: Display: Loaded TP Android_ETC1aTargetPlatform
[2018.05.15-20.38.32:104][  0]LogTemp: Display: Loaded TP Android_ETC1TargetPlatform
[2018.05.15-20.38.32:122][  0]LogTemp: Display: Loaded TP Android_ETC2TargetPlatform
[2018.05.15-20.38.32:157][  0]LogTemp: Display: Loaded TP Android_MultiTargetPlatform
[2018.05.15-20.38.32:157][  0]LogTemp: Display: Loaded TP Android_PVRTCTargetPlatform
[2018.05.15-20.38.32:174][  0]LogTemp: Display: Loaded TP AndroidTargetPlatform
[2018.05.15-20.38.32:176][  0]LogTemp: Display: Loaded TP HTML5TargetPlatform
[2018.05.15-20.38.32:219][  0]LogTemp: Display: Loaded TP IOSTargetPlatform
[2018.05.15-20.38.32:235][  0]LogTemp: Display: Loaded TP TVOSTargetPlatform
[2018.05.15-20.38.32:252][  0]LogTemp: Display: Loaded TP LinuxClientTargetPlatform
[2018.05.15-20.38.32:269][  0]LogTemp: Display: Loaded TP LinuxNoEditorTargetPlatform
[2018.05.15-20.38.32:287][  0]LogTemp: Display: Loaded TP LinuxServerTargetPlatform
[2018.05.15-20.38.32:305][  0]LogTemp: Display: Loaded TP LinuxTargetPlatform
[2018.05.15-20.38.32:305][  0]LogTargetPlatformManager: Display: Building Assets For Windows
[2018.05.15-20.38.32:456][  0]LogXGEController: Cannot use XGE Controller as Incredibuild is not installed on this machine.
[2018.05.15-20.38.32:456][  0]LogShaderCompilers: Cannot use XGE Shader Compiler as Incredibuild is not installed on this machine.
[2018.05.15-20.38.32:456][  0]LogShaderCompilers: Display: Using Local Shader Compiler.
[2018.05.15-20.38.33:462][  0]LogDerivedDataCache: Display: Max Cache Size: 512 MB
[2018.05.15-20.38.34:507][  0]LogDerivedDataCache: Loaded boot cache 1.05s 75MB C:/Users/rotci/AppData/Local/UnrealEngine/4.19/DerivedDataCache/Boot.ddc.
[2018.05.15-20.38.34:507][  0]LogDerivedDataCache: Display: Loaded Boot cache: C:/Users/rotci/AppData/Local/UnrealEngine/4.19/DerivedDataCache/Boot.ddc
[2018.05.15-20.38.34:507][  0]LogDerivedDataCache: FDerivedDataBackendGraph:  Pak pak cache file ../../../../../../Users/rotci/Documents/Unreal Projects/RecursiveTCC 4.19/DerivedDataCache/DDC.ddp not found, will not use a pak cache.
[2018.05.15-20.38.34:507][  0]LogDerivedDataCache: Unable to find inner node Pak for hierarchical cache Hierarchy.
[2018.05.15-20.38.34:507][  0]LogDerivedDataCache: FDerivedDataBackendGraph:  CompressedPak pak cache file ../../../../../../Users/rotci/Documents/Unreal Projects/RecursiveTCC 4.19/DerivedDataCache/Compressed.ddp not found, will not use a pak cache.
[2018.05.15-20.38.34:507][  0]LogDerivedDataCache: Unable to find inner node CompressedPak for hierarchical cache Hierarchy.
[2018.05.15-20.38.34:530][  0]LogDerivedDataCache: Display: Pak cache opened for reading ../../../Engine/DerivedDataCache/Compressed.ddp.
[2018.05.15-20.38.34:544][  0]LogDerivedDataCache: Using Local data cache path C:/Users/rotci/AppData/Local/UnrealEngine/Common/DerivedDataCache: Writable
[2018.05.15-20.38.34:544][  0]LogDerivedDataCache: Shared data cache path not found in *engine.ini, will not use an Shared cache.
[2018.05.15-20.38.34:544][  0]LogDerivedDataCache: Unable to find inner node Shared for hierarchical cache Hierarchy.
[2018.05.15-20.38.34:562][  0]LogMaterial: Verifying Global Shaders for PCD3D_SM5
[2018.05.15-20.38.34:563][  0]LogSlate: Using Freetype 2.6.0
[2018.05.15-20.38.34:601][  0]LogSlate: SlateFontCache - WITH_FREETYPE: 1, WITH_HARFBUZZ: 1
[2018.05.15-20.38.34:601][  0]LogSlate: SlateFontCache - WITH_FREETYPE: 1, WITH_HARFBUZZ: 1
[2018.05.15-20.38.36:348][  0]LogAssetRegistry: FAssetRegistry took 0.0279 seconds to start up
[2018.05.15-20.38.36:891][  0]LogInit: Selected Device Profile: [Windows]
[2018.05.15-20.38.37:662][  0]LogSimplygon: Simplygon DLL not present - disabling.
[2018.05.15-20.38.37:666][  0]LogMeshReduction: Using SimplygonSwarm for distributed automatic mesh merging
[2018.05.15-20.38.37:666][  0]LogMeshReduction: Using QuadricMeshReduction for automatic static mesh reduction
[2018.05.15-20.38.37:666][  0]LogMeshReduction: No automatic skeletal mesh reduction module available
[2018.05.15-20.38.37:666][  0]LogMeshReduction: No automatic mesh merging module available
[2018.05.15-20.38.37:666][  0]LogMeshMerging: No automatic mesh merging module available
[2018.05.15-20.38.37:874][  0]LogNetVersion: RecursiveTCC , NetCL: 3944462, EngineNetVer: 2, GameNetVer: 0 (Checksum: 3305110912)
[2018.05.15-20.38.40:021][  0]LogPackageLocalizationCache: Processed 9 localized package path(s) for 1 prioritized culture(s) in 0.221757 seconds
[2018.05.15-20.38.40:028][  0]LogUObjectArray: 36728 objects as part of root set at end of initial load.
[2018.05.15-20.38.40:028][  0]LogUObjectAllocator: 7314304 out of 0 bytes used by permanent object pool.
[2018.05.15-20.38.40:028][  0]LogUObjectArray: CloseDisregardForGC: 0/0 objects in disregard for GC pool
[2018.05.15-20.39.05:093][  0]LogTcpMessaging: Initializing TcpMessaging bridge
[2018.05.15-20.39.05:131][  0]LogUdpMessaging: Initializing bridge on interface 0.0.0.0:0 to multicast group 230.0.0.1:6666.
[2018.05.15-20.39.06:033][  0]SourceControl: Source control is disabled
[2018.05.15-20.39.06:033][  0]SourceControl: Source control is disabled
[2018.05.15-20.39.06:058][  0]SourceControl: Source control is disabled
[2018.05.15-20.39.06:083][  0]SourceControl: Source control is disabled
[2018.05.15-20.39.06:880][  0]LogAndroidPermission: UAndroidPermissionCallbackProxy::GetInstance
[2018.05.15-20.39.07:098][  0]LogOcInput: OculusInput pre-init called
[2018.05.15-20.39.07:262][  0]LogEngine: Initializing Engine...
[2018.05.15-20.39.07:264][  0]LogHMD: Failed to initialize OpenVR with code 110
[2018.05.15-20.39.07:266][  0]LogStats: UGameplayTagsManager::ConstructGameplayTagTree: Construct from data asset -  0.000 s
[2018.05.15-20.39.07:266][  0]LogStats: UGameplayTagsManager::ConstructGameplayTagTree: GameplayTagTreeChangedEvent.Broadcast -  0.000 s
[2018.05.15-20.39.07:930][  0]LogAIModule: Creating AISystem for world Untitled
[2018.05.15-20.39.07:944][  0]LogInit: XAudio2 using 'Alto-falantes (VIA HD Audio)' : 2 channels at 48 kHz using 32 bits per sample (channel mask 0x3)
[2018.05.15-20.39.07:981][  0]LogInit: FAudioDevice initialized.
[2018.05.15-20.39.08:160][  0]LogDerivedDataCache: Saved boot cache 0.18s 75MB C:/Users/rotci/AppData/Local/UnrealEngine/4.19/DerivedDataCache/Boot.ddc.
[2018.05.15-20.39.08:194][  0]LogInit: Texture streaming: Enabled
[2018.05.15-20.39.08:222][  0]LogEngineSessionManager: EngineSessionManager initialized
[2018.05.15-20.39.08:240][  0]LogInit: Transaction tracking system initialized
[2018.05.15-20.39.08:273][  0]BlueprintLog: New page: Editor Load
[2018.05.15-20.39.08:387][  0]LocalizationService: Localization service is disabled
[2018.05.15-20.39.09:029][  0]LogConsoleResponse: Display: 
[2018.05.15-20.39.09:892][  0]LogCook: Display: Max memory allowance for cook 16384mb min free memory 0mb
[2018.05.15-20.39.09:892][  0]LogCook: Display: Mobile HDR setting 1
[2018.05.15-20.39.09:892][  0]LogGameplayTags: Display: UGameplayTagsManager::DoneAddingNativeTags. DelegateIsBound: 0
[2018.05.15-20.39.09:892][  0]LogStats: UGameplayTagsManager::ConstructGameplayTagTree: Construct from data asset -  0.000 s
[2018.05.15-20.39.09:892][  0]LogStats: UGameplayTagsManager::ConstructGameplayTagTree: GameplayTagTreeChangedEvent.Broadcast -  0.000 s
[2018.05.15-20.39.10:706][  0]LogFileCache: Scanning file cache for directory 'C:/Users/rotci/Documents/Unreal Projects/RecursiveTCC 4.19/Content/' took 0.05s
[2018.05.15-20.39.11:483][  0]SourceControl: Source control is disabled
[2018.05.15-20.39.11:483][  0]Cmd: MAP LOAD FILE="../../../../../../Users/rotci/Documents/Unreal Projects/RecursiveTCC 4.19/Content/ThirdPersonBP/Maps/ThirdPersonExampleMap.umap" TEMPLATE=0 SHOWPROGRESS=1 FEATURELEVEL=3
[2018.05.15-20.39.11:531][  0]LightingResults: New page: Lighting Build
[2018.05.15-20.39.11:538][  0]MapCheck: New page: Map Check
[2018.05.15-20.39.11:538][  0]LightingResults: New page: Lighting Build
[2018.05.15-20.39.12:011][  0]LogUObjectGlobals: Created PersistentFrame Addr=0x000001ef43e8e480, Size=64, Default__ThirdPerson_AnimBP_C Function /Game/Mannequin/Animations/ThirdPerson_AnimBP.ThirdPerson_AnimBP_C:ExecuteUbergraph_ThirdPerson_AnimBP
[2018.05.15-20.39.12:273][  0]LogUObjectGlobals: Destroyed PersistentFrame Addr=0x000001ef43e8e480, Size=64
[2018.05.15-20.39.12:273][  0]LogUObjectGlobals: Created PersistentFrame Addr=0x000001ef43e8e680, Size=64, Default__ThirdPerson_AnimBP_C Function /Engine/Transient.REINST_ThirdPerson_AnimBP_C_0:ExecuteUbergraph_ThirdPerson_AnimBP
[2018.05.15-20.39.12:323][  0]LogUObjectGlobals: Created PersistentFrame Addr=0x000001ef437b64d0, Size=72, Default__ThirdPerson_AnimBP_C Function /Game/Mannequin/Animations/ThirdPerson_AnimBP.ThirdPerson_AnimBP_C:ExecuteUbergraph_ThirdPerson_AnimBP
[2018.05.15-20.39.12:423][  0]LogUObjectGlobals: Created PersistentFrame Addr=0x000001ef43795d00, Size=1072, Default__ThirdPersonCharacter_C Function /Game/ThirdPersonBP/Blueprints/ThirdPersonCharacter.ThirdPersonCharacter_C:ExecuteUbergraph_ThirdPersonCharacter
[2018.05.15-20.39.12:538][  0]LogUObjectGlobals: Created PersistentFrame Addr=0x000001ef4376f880, Size=352, Default__PickupBox_C Function /Game/ThirdPersonBP/MapComponents/PickupBox.PickupBox_C:ExecuteUbergraph_PickupBox
[2018.05.15-20.39.13:977][  0]LogUObjectGlobals: Created PersistentFrame Addr=0x000001ef436b2980, Size=544, Default__RecursiveLevel_C Function /Game/ThirdPersonBP/RecursiveLevel.RecursiveLevel_C:ExecuteUbergraph_RecursiveLevel
[2018.05.15-20.39.14:068][  0]LogUObjectGlobals: Created PersistentFrame Addr=0x000001ef43666e80, Size=424, Default__RecursiveLevelAlternative_C Function /Game/ThirdPersonBP/RecursiveLevelAlternative.RecursiveLevelAlternative_C:ExecuteUbergraph_RecursiveLevelAlternative
[2018.05.15-20.39.14:120][  0]LogUObjectGlobals: Created PersistentFrame Addr=0x000001ef43667040, Size=408, Default__RecursivePCStation_C Function /Game/ThirdPersonBP/MapComponents/RecursivePCStation.RecursivePCStation_C:ExecuteUbergraph_RecursivePCStation
[2018.05.15-20.39.14:229][  0]LogUObjectGlobals: Created PersistentFrame Addr=0x000001ef47683420, Size=136, Default__FadeWidget_C Function /Game/ThirdPersonBP/FadeWidget.FadeWidget_C:ExecuteUbergraph_FadeWidget
[2018.05.15-20.39.14:903][  0]LogUObjectGlobals: Destroyed PersistentFrame Addr=0x000001ef436b2980, Size=544
[2018.05.15-20.39.14:903][  0]LogUObjectGlobals: Created PersistentFrame Addr=0x000001ef43db5800, Size=544, Default__RecursiveLevel_C Function /Engine/Transient.REINST_RecursiveLevel_C_5:ExecuteUbergraph_RecursiveLevel
[2018.05.15-20.39.14:904][  0]LogUObjectGlobals: Destroyed PersistentFrame Addr=0x000001ef43666e80, Size=424
[2018.05.15-20.39.14:904][  0]LogUObjectGlobals: Created PersistentFrame Addr=0x000001ef47c8bc80, Size=424, Default__RecursiveLevelAlternative_C Function /Engine/Transient.REINST_RecursiveLevelAlternative_C_6:ExecuteUbergraph_RecursiveLevelAlternative
[2018.05.15-20.39.14:905][  0]LogUObjectGlobals: Destroyed PersistentFrame Addr=0x000001ef47683420, Size=136
[2018.05.15-20.39.14:905][  0]LogUObjectGlobals: Created PersistentFrame Addr=0x000001ef47c77e20, Size=136, Default__FadeWidget_C Function /Engine/Transient.REINST_FadeWidget_C_0:ExecuteUbergraph_FadeWidget
[2018.05.15-20.39.14:906][  0]LogUObjectGlobals: Destroyed PersistentFrame Addr=0x000001ef4376f880, Size=352
[2018.05.15-20.39.14:906][  0]LogUObjectGlobals: Created PersistentFrame Addr=0x000001ef47c8c400, Size=352, Default__PickupBox_C Function /Engine/Transient.REINST_PickupBox_C_10:ExecuteUbergraph_PickupBox
[2018.05.15-20.39.14:907][  0]LogUObjectGlobals: Destroyed PersistentFrame Addr=0x000001ef43667040, Size=408
[2018.05.15-20.39.14:907][  0]LogUObjectGlobals: Created PersistentFrame Addr=0x000001ef47c8a780, Size=408, Default__RecursivePCStation_C Function /Engine/Transient.REINST_RecursivePCStation_C_11:ExecuteUbergraph_RecursivePCStation
[2018.05.15-20.39.14:908][  0]LogUObjectGlobals: Destroyed PersistentFrame Addr=0x000001ef43795d00, Size=1072
[2018.05.15-20.39.14:908][  0]LogUObjectGlobals: Created PersistentFrame Addr=0x000001ef47c81d00, Size=1072, Default__ThirdPersonCharacter_C Function /Engine/Transient.REINST_ThirdPersonCharacter_C_12:ExecuteUbergraph_ThirdPersonCharacter
[2018.05.15-20.39.15:053][  0]LogUObjectGlobals: Created PersistentFrame Addr=0x000001ef63dde980, Size=544, Default__RecursiveLevel_C Function /Game/ThirdPersonBP/RecursiveLevel.RecursiveLevel_C:ExecuteUbergraph_RecursiveLevel
[2018.05.15-20.39.15:062][  0]LogUObjectGlobals: Created PersistentFrame Addr=0x000001ef63e1d440, Size=424, Default__RecursiveLevelAlternative_C Function /Game/ThirdPersonBP/RecursiveLevelAlternative.RecursiveLevelAlternative_C:ExecuteUbergraph_RecursiveLevelAlternative
[2018.05.15-20.39.15:066][  0]LogUObjectGlobals: Created PersistentFrame Addr=0x000001ef63ce6200, Size=136, Default__FadeWidget_C Function /Game/ThirdPersonBP/FadeWidget.FadeWidget_C:ExecuteUbergraph_FadeWidget
[2018.05.15-20.39.15:070][  0]LogUObjectGlobals: Created PersistentFrame Addr=0x000001ef63c7be80, Size=352, Default__PickupBox_C Function /Game/ThirdPersonBP/MapComponents/PickupBox.PickupBox_C:ExecuteUbergraph_PickupBox
[2018.05.15-20.39.15:073][  0]LogUObjectGlobals: Created PersistentFrame Addr=0x000001ef63ca3580, Size=408, Default__RecursivePCStation_C Function /Game/ThirdPersonBP/MapComponents/RecursivePCStation.RecursivePCStation_C:ExecuteUbergraph_RecursivePCStation
[2018.05.15-20.39.15:079][  0]LogUObjectGlobals: Created PersistentFrame Addr=0x000001ef63c37900, Size=1072, Default__ThirdPersonCharacter_C Function /Game/ThirdPersonBP/Blueprints/ThirdPersonCharacter.ThirdPersonCharacter_C:ExecuteUbergraph_ThirdPersonCharacter
[2018.05.15-20.39.15:377][  0]LogUObjectGlobals: Created PersistentFrame Addr=0x000001ef63c68ef8, Size=24, Default__NewHUD_C Function /Game/ThirdPersonBP/NewHUD.NewHUD_C:ExecuteUbergraph_NewHUD
[2018.05.15-20.39.15:383][  0]LogUObjectGlobals: Destroyed PersistentFrame Addr=0x000001ef63c68ef8, Size=24
[2018.05.15-20.39.15:383][  0]LogUObjectGlobals: Created PersistentFrame Addr=0x000001ef63c68ef8, Size=24, Default__NewHUD_C Function /Engine/Transient.REINST_NewHUD_C_23:ExecuteUbergraph_NewHUD
[2018.05.15-20.39.15:387][  0]LogUObjectGlobals: Created PersistentFrame Addr=0x000001ef63c68a90, Size=24, Default__NewHUD_C Function /Game/ThirdPersonBP/NewHUD.NewHUD_C:ExecuteUbergraph_NewHUD
[2018.05.15-20.39.15:549][  0]LogUObjectGlobals: Created PersistentFrame Addr=0x000001ef63cd4a30, Size=112, Default__ThirdPersonExampleMap_C Function /Game/ThirdPersonBP/Maps/ThirdPersonExampleMap.ThirdPersonExampleMap_C:ExecuteUbergraph_ThirdPersonExampleMap
[2018.05.15-20.39.15:557][  0]LogUObjectGlobals: Destroyed PersistentFrame Addr=0x000001ef63cd4a30, Size=112
[2018.05.15-20.39.15:557][  0]LogUObjectGlobals: Created PersistentFrame Addr=0x000001ef63cd4a30, Size=112, Default__ThirdPersonExampleMap_C Function /Engine/Transient.REINST_ThirdPersonExampleMap_C_27:ExecuteUbergraph_ThirdPersonExampleMap
[2018.05.15-20.39.15:563][  0]LogUObjectGlobals: Created PersistentFrame Addr=0x000001ef63cb2be0, Size=112, Default__ThirdPersonExampleMap_C Function /Game/ThirdPersonBP/Maps/ThirdPersonExampleMap.ThirdPersonExampleMap_C:ExecuteUbergraph_ThirdPersonExampleMap
[2018.05.15-20.39.18:111][  0]LogSkeletalMesh: Skeletal Mesh found in DDC [156.513046ms] /Game/Mannequin/Character/Mesh/SK_Mannequin.SK_Mannequin
[2018.05.15-20.39.19:310][  0]LogAIModule: Creating AISystem for world ThirdPersonExampleMap
[2018.05.15-20.39.19:495][  0]LogStreaming: Display: ULevelStreaming::RequestLevel(/Game/ThirdPerson/Levels/Teste_1) is flushing async loading
[2018.05.15-20.39.19:603][  0]LogStreaming: Display: ULevelStreaming::RequestLevel(/Game/ThirdPerson/Levels/Teste_2) is flushing async loading
[2018.05.15-20.39.19:680][  0]LogStreaming: Display: ULevelStreaming::RequestLevel(/Game/ThirdPerson/Levels/Teste_3) is flushing async loading
[2018.05.15-20.39.19:709][  0]LogEditorServer: Finished looking for orphan Actors (0.000 secs)
[2018.05.15-20.39.19:727][  0]LogUObjectGlobals: Destroyed PersistentFrame Addr=0x000001ef43e8e680, Size=64
[2018.05.15-20.39.19:739][  0]LogUObjectGlobals: Destroyed PersistentFrame Addr=0x000001ef47c81d00, Size=1072
[2018.05.15-20.39.19:739][  0]LogUObjectGlobals: Destroyed PersistentFrame Addr=0x000001ef47c8c400, Size=352
[2018.05.15-20.39.19:739][  0]LogUObjectGlobals: Destroyed PersistentFrame Addr=0x000001ef43db5800, Size=544
[2018.05.15-20.39.19:739][  0]LogUObjectGlobals: Destroyed PersistentFrame Addr=0x000001ef47c8bc80, Size=424
[2018.05.15-20.39.19:739][  0]LogUObjectGlobals: Destroyed PersistentFrame Addr=0x000001ef47c8a780, Size=408
[2018.05.15-20.39.19:739][  0]LogUObjectGlobals: Destroyed PersistentFrame Addr=0x000001ef47c77e20, Size=136
[2018.05.15-20.39.19:740][  0]LogUObjectGlobals: Destroyed PersistentFrame Addr=0x000001ef63c68ef8, Size=24
[2018.05.15-20.39.19:740][  0]LogUObjectGlobals: Destroyed PersistentFrame Addr=0x000001ef63cd4a30, Size=112
[2018.05.15-20.39.19:750][  0]Cmd: MAP CHECKDEP NOCLEARLOG
[2018.05.15-20.39.19:837][  0]MapCheck: Map check complete: 0 Error(s), 0 Warning(s), took 86.317ms to complete.
[2018.05.15-20.39.19:837][  0]LogFileHelpers: Loading map 'ThirdPersonExampleMap' took 8.354
[2018.05.15-20.39.19:921][  0]LogWindowsTextInputMethodSystem: Display: IME system now deactivated.
[2018.05.15-20.39.20:531][  0]LogCollectionManager: Loaded 0 collections in 0.020665 seconds
[2018.05.15-20.39.20:682][  0]LogFileCache: Scanning file cache for directory 'C:/Users/rotci/Documents/Unreal Projects/RecursiveTCC 4.19/Saved/Collections/' took 0.01s
[2018.05.15-20.39.20:682][  0]LogFileCache: Scanning file cache for directory 'C:/Users/rotci/Documents/Unreal Projects/RecursiveTCC 4.19/Content/Developers/rotci/Collections/' took 0.01s
[2018.05.15-20.39.20:682][  0]LogFileCache: Scanning file cache for directory 'C:/Users/rotci/Documents/Unreal Projects/RecursiveTCC 4.19/Content/Collections/' took 0.01s
[2018.05.15-20.39.20:682][  0]LogCollectionManager: Rebuilt the GUID cache for 0 collections in 0.000001 seconds
[2018.05.15-20.39.20:706][  0]LogContentBrowser: Native class hierarchy populated in 0.0234 seconds. Added 2452 classes and 558 folders.
[2018.05.15-20.39.20:782][  0]LogContentBrowser: Native class hierarchy updated for 'WidgetCarousel' in 0.0005 seconds. Added 0 classes and 0 folders.
[2018.05.15-20.39.22:698][  0]LogContentBrowser: Native class hierarchy updated for 'AddContentDialog' in 0.0004 seconds. Added 0 classes and 0 folders.
[2018.05.15-20.39.22:778][  0]LogContentBrowser: Native class hierarchy updated for 'SceneOutliner' in 0.0006 seconds. Added 1 classes and 2 folders.
[2018.05.15-20.39.23:732][  0]LogSlate: Took 0.026524 seconds to synchronously load lazily loaded font '../../../Engine/Content/Slate/Fonts/Roboto-Regular.ttf' (155K)
[2018.05.15-20.39.23:749][  0]LogSlate: Took 0.014251 seconds to synchronously load lazily loaded font '../../../Engine/Content/Slate/Fonts/Roboto-Bold.ttf' (160K)
[2018.05.15-20.39.23:773][  0]LogSlate: Took 0.015254 seconds to synchronously load lazily loaded font '../../../Engine/Content/Editor/Slate/Fonts/FontAwesome.ttf' (139K)
[2018.05.15-20.39.24:201][  0]LogRenderer: Reallocating scene render targets to support 1268x612 Format 9 NumSamples 1 (Frame:1).
[2018.05.15-20.39.24:610][  0]LogContentBrowser: Native class hierarchy updated for 'HierarchicalLODOutliner' in 0.0003 seconds. Added 0 classes and 0 folders.
[2018.05.15-20.39.24:610][  0]LogLoad: (Engine Initialization) Total time: 59.68 seconds
[2018.05.15-20.39.24:610][  0]LogLoad: (Engine Initialization) Total Blueprint compile time: 0.00 seconds
[2018.05.15-20.39.24:659][  0]LogContentStreaming: Texture pool size now 600 MB
[2018.05.15-20.39.24:811][  0]LogSlate: Took 0.026423 seconds to synchronously load lazily loaded font '../../../Engine/Content/Slate/Fonts/Roboto-Light.ttf' (167K)
[2018.05.15-20.39.24:842][  1]LogAssetRegistry: Asset discovery search completed in 48.5164 seconds
[2018.05.15-20.39.24:844][  1]LogCollectionManager: Rebuilt the object cache for 0 collections in 0.000000 seconds (found 0 objects)
[2018.05.15-20.39.24:845][  1]LogCollectionManager: Fixed up redirectors for 0 collections in 0.000075 seconds (updated 0 objects)
[2018.05.15-20.56.37:923][642]LogSlate: Took 0.020840 seconds to synchronously load lazily loaded font '../../../Engine/Content/Slate/Fonts/Roboto-Light.ttf' (167K)
[2018.05.15-20.56.38:019][642]LogFactory: FactoryCreateFile: StaticMesh with FbxFactory (0 0 C:\Users\rotci\Desktop\door_01\door_01.FBX)
[2018.05.15-20.56.38:162][642]LogFbx: ItemName: GlobalSettings, ItemCount : 1
[2018.05.15-20.56.38:162][642]LogFbx: ItemName: AnimationStack, ItemCount : 1
[2018.05.15-20.56.38:162][642]LogFbx: ItemName: AnimationLayer, ItemCount : 1
[2018.05.15-20.56.38:162][642]LogFbx: ItemName: Model, ItemCount : 1
[2018.05.15-20.56.38:162][642]LogFbx: ItemName: Material, ItemCount : 1
[2018.05.15-20.56.38:162][642]LogFbx: ItemName: Texture, ItemCount : 1
[2018.05.15-20.56.38:162][642]LogFbx: ItemName: Geometry, ItemCount : 1
[2018.05.15-20.56.38:162][642]LogFbx: ItemName: Video, ItemCount : 1
[2018.05.15-20.56.38:192][642]LogFbx: Loading FBX Scene from C:\Users\rotci\Desktop\door_01\door_01.FBX
[2018.05.15-20.56.38:221][642]LogFbx: FBX Scene Loaded Succesfully
[2018.05.15-20.56.38:578][642]LogSlate: FSceneViewport::OnFocusLost() reason 2
[2018.05.15-20.56.40:687][642]LogSlate: Window 'FBX Import Options' being destroyed
[2018.05.15-20.56.40:804][642]LogFbx: Loading FBX Scene from C:\Users\rotci\Desktop\door_01\door_01.FBX
[2018.05.15-20.56.40:813][642]LogFbx: FBX Scene Loaded Succesfully
[2018.05.15-20.56.40:942][642]LogLinker: Can't find file '/Game/ThirdPerson/Meshes/uw'
[2018.05.15-20.56.40:942][642]LogLinker: Can't find file '/Game/ThirdPerson/Meshes/uw'
[2018.05.15-20.56.41:197][642]LogTexture: Display: Building textures: uw (AutoDXT, 2048X2048)
[2018.05.15-20.56.44:124][642]LogMaterial: Missing cached shader map for material 01_-_Default, compiling. 
[2018.05.15-20.56.44:371][642]LogShaderCompilers: Display: Shaders left to compile 22
[2018.05.15-20.56.44:371][642]LogShaderCompilers: Display: Shaders left to compile 12
[2018.05.15-20.56.44:372][642]LogShaderCompilers: Display: Shaders left to compile 2
[2018.05.15-20.56.44:411][642]LogStaticMesh: Building static mesh door_01...
[2018.05.15-20.56.44:565][642]LogStaticMesh: Built static mesh [0.18s] /Game/ThirdPerson/Meshes/door_01.door_01
[2018.05.15-20.56.44:667][642]LogStaticMesh: Warning: door_01 has degenerate tangent bases which will result in incorrect shading.  MikkTSpace relies on tangent bases and may result in mesh corruption, consider disabling this option.
[2018.05.15-20.56.44:667][642]LogStaticMesh: Warning: door_01 has some nearly zero bi-normals which can create some issues. (Tolerance of 1E-4)
[2018.05.15-20.56.45:154][642]FBXImport: Warning: Warning: The imported mesh is very small. This is most likely an issue with the units used when exporting to FBX. 
[2018.05.15-20.56.45:154][642]FBXImport: Warning: door_01 has degenerate tangent bases which will result in incorrect shading.  MikkTSpace relies on tangent bases and may result in mesh corruption, consider disabling this option. 
[2018.05.15-20.56.45:154][642]FBXImport: Warning: door_01 has some nearly zero bi-normals which can create some issues. (Tolerance of 1E-4) 
[2018.05.15-20.56.54:683][775]LogRenderer: Reallocating scene render targets to support 1268x744 Format 9 NumSamples 1 (Frame:1).
[2018.05.15-20.57.41:224][806]LogSlate: FSceneViewport::OnFocusLost() reason 2
[2018.05.15-20.57.41:544][830]LogSlate: FSceneViewport::OnFocusLost() reason 2
[2018.05.15-20.57.42:296][885]LogSlate: FSceneViewport::OnFocusLost() reason 2
[2018.05.15-20.57.45:186][ 80]LogSlate: FSceneViewport::OnFocusLost() reason 2
[2018.05.15-20.57.46:713][121]LogSlate: Window 'Size Map' being destroyed
[2018.05.15-20.57.46:723][121]LogSlate: Window 'Size Map' being destroyed
[2018.05.15-20.57.59:628][857]LogActorFactory: Actor Factory created door_01
[2018.05.15-20.58.00:728][904]LogActorFactory: Actor Factory created door_01
[2018.05.15-20.58.03:285][962]LogSlate: FSceneViewport::OnFocusLost() reason 0
[2018.05.15-20.58.09:845][133]LogEditorViewport: Clicking on Actor (context menu): StaticMeshActor (Cube3)
[2018.05.15-20.58.10:083][133]LogSlate: FSceneViewport::OnFocusLost() reason 2
[2018.05.15-20.58.10:092][133]LogEditorViewport: Clicking on Actor (context menu): StaticMeshActor (Cube3)
[2018.05.15-20.58.10:142][133]LogSlate: FSceneViewport::OnFocusLost() reason 2
[2018.05.15-20.58.11:451][200]LogEditorViewport: Clicking on Actor (LMB): StaticMeshActor (Cube3)
[2018.05.15-20.58.11:652][204]Cmd: CAMERA ALIGN ACTIVEVIEWPORTONLY
[2018.05.15-20.58.13:484][248]LogSlate: FSceneViewport::OnFocusLost() reason 0
[2018.05.15-20.58.13:789][253]Cmd: CAMERA ALIGN ACTIVEVIEWPORTONLY
[2018.05.15-20.58.17:344][348]Cmd: CAMERA ALIGN ACTIVEVIEWPORTONLY
[2018.05.15-20.58.19:004][391]LogSlate: FSceneViewport::OnFocusLost() reason 0
[2018.05.15-20.58.37:932][902]LogSlate: FSceneViewport::OnFocusLost() reason 0
[2018.05.15-20.58.47:730][ 78]LogEditorViewport: Clicking on Actor (LMB): StaticMeshActor (door_01)
[2018.05.15-20.58.53:959][247]LogSlate: FSceneViewport::OnFocusLost() reason 0
[2018.05.15-21.00.28:298][508]LogUObjectGlobals: Destroyed PersistentFrame Addr=0x000001ef63cb2be0, Size=112
[2018.05.15-21.00.28:298][508]LogUObjectGlobals: Created PersistentFrame Addr=0x000001ef783ebf90, Size=112, Default__ThirdPersonExampleMap_C Function /Engine/Transient.REINST_ThirdPersonExampleMap_C_31:ExecuteUbergraph_ThirdPersonExampleMap
[2018.05.15-21.00.28:302][508]LogUObjectGlobals: Created PersistentFrame Addr=0x000001ef783e8100, Size=112, Default__ThirdPersonExampleMap_C Function /Game/ThirdPersonBP/Maps/ThirdPersonExampleMap.ThirdPersonExampleMap_C:ExecuteUbergraph_ThirdPersonExampleMap
[2018.05.15-21.00.28:789][508]LogSavePackage: Save=532.71ms
[2018.05.15-21.00.28:790][508]LogSavePackage: Moving '../../../../../../Users/rotci/Documents/Unreal Projects/RecursiveTCC 4.19/Saved/ThirdPersonExampleMap_Auto1B59468254FF812AC0B398EB78F1D1E96.tmp' to '../../../../../../Users/rotci/Documents/Unreal Projects/RecursiveTCC 4.19/Saved/Autosaves/Game/ThirdPersonBP/Maps/ThirdPersonExampleMap_Auto1.umap'
[2018.05.15-21.00.28:823][508]LogSavePackage: Display: Finished SavePackage ../../../../../../Users/rotci/Documents/Unreal Projects/RecursiveTCC 4.19/Saved/Autosaves/Game/ThirdPersonBP/Maps/ThirdPersonExampleMap_Auto1.umap
[2018.05.15-21.00.28:851][508]LogFileHelpers: Editor autosave (incl. sublevels) for '/Game/ThirdPersonBP/Maps/ThirdPersonExampleMap' took 2.012
[2018.05.15-21.00.28:854][508]LogFileHelpers: Editor autosave (incl. sublevels) for all levels took 2.012
[2018.05.15-21.00.28:863][508]OBJ SavePackage: Generating thumbnails for [1] asset(s) in package [/Game/ThirdPerson/Meshes/door_01] ([1] browsable assets)...
[2018.05.15-21.00.28:904][508]OBJ SavePackage:     Rendered thumbnail for [StaticMesh /Game/ThirdPerson/Meshes/door_01.door_01]
[2018.05.15-21.00.28:904][508]OBJ SavePackage: Finished generating thumbnails for package [/Game/ThirdPerson/Meshes/door_01]
[2018.05.15-21.00.28:970][508]LogSavePackage: Save=59.62ms
[2018.05.15-21.00.28:970][508]LogSavePackage: Moving '../../../../../../Users/rotci/Documents/Unreal Projects/RecursiveTCC 4.19/Saved/door_01_Auto136C48B614B759EC5294EA7BBF1CE8755.tmp' to '../../../../../../Users/rotci/Documents/Unreal Projects/RecursiveTCC 4.19/Saved/Autosaves/Game/ThirdPerson/Meshes/door_01_Auto1.uasset'
[2018.05.15-21.00.28:983][508]LogSavePackage: Display: Finished SavePackage ../../../../../../Users/rotci/Documents/Unreal Projects/RecursiveTCC 4.19/Saved/Autosaves/Game/ThirdPerson/Meshes/door_01_Auto1.uasset
[2018.05.15-21.00.28:987][508]OBJ SavePackage: Generating thumbnails for [1] asset(s) in package [/Game/ThirdPerson/Meshes/01_-_Default] ([1] browsable assets)...
[2018.05.15-21.00.29:013][508]OBJ SavePackage:     Rendered thumbnail for [Material /Game/ThirdPerson/Meshes/01_-_Default.01_-_Default]
[2018.05.15-21.00.29:013][508]OBJ SavePackage: Finished generating thumbnails for package [/Game/ThirdPerson/Meshes/01_-_Default]
[2018.05.15-21.00.29:044][508]LogSavePackage: Save=24.51ms
[2018.05.15-21.00.29:044][508]LogSavePackage: Moving '../../../../../../Users/rotci/Documents/Unreal Projects/RecursiveTCC 4.19/Saved/01_-_Default_Auto1FBD83B4F4AB4328EFCB6F7BF964FE527.tmp' to '../../../../../../Users/rotci/Documents/Unreal Projects/RecursiveTCC 4.19/Saved/Autosaves/Game/ThirdPerson/Meshes/01_-_Default_Auto1.uasset'
[2018.05.15-21.00.29:047][508]LogSavePackage: Display: Finished SavePackage ../../../../../../Users/rotci/Documents/Unreal Projects/RecursiveTCC 4.19/Saved/Autosaves/Game/ThirdPerson/Meshes/01_-_Default_Auto1.uasset
[2018.05.15-21.00.29:049][508]OBJ SavePackage: Generating thumbnails for [1] asset(s) in package [/Game/ThirdPerson/Meshes/uw] ([1] browsable assets)...
[2018.05.15-21.00.29:060][508]OBJ SavePackage:     Rendered thumbnail for [Texture2D /Game/ThirdPerson/Meshes/uw.uw]
[2018.05.15-21.00.29:060][508]OBJ SavePackage: Finished generating thumbnails for package [/Game/ThirdPerson/Meshes/uw]
[2018.05.15-21.00.29:088][508]LogSavePackage: Save=22.94ms
[2018.05.15-21.00.29:088][508]LogSavePackage: Moving '../../../../../../Users/rotci/Documents/Unreal Projects/RecursiveTCC 4.19/Saved/uw_Auto1A720327D4AB6B11E9B63D78E1D716649.tmp' to '../../../../../../Users/rotci/Documents/Unreal Projects/RecursiveTCC 4.19/Saved/Autosaves/Game/ThirdPerson/Meshes/uw_Auto1.uasset'
[2018.05.15-21.00.29:092][508]LogSavePackage: Display: Finished SavePackage ../../../../../../Users/rotci/Documents/Unreal Projects/RecursiveTCC 4.19/Saved/Autosaves/Game/ThirdPerson/Meshes/uw_Auto1.uasset
[2018.05.15-21.00.29:092][508]LogFileHelpers: Auto-saving content packages took 0.234
[2018.05.15-21.25.46:577][445]LogEditorViewport: Clicking on Actor (LMB): StaticMeshActor (door_01)
[2018.05.15-21.25.47:544][472]Cmd: DELETE
[2018.05.15-21.25.47:544][472]Cmd: ACTOR DELETE
[2018.05.15-21.25.47:911][472]LogEditorActor: Deleted Actor: StaticMeshActor
[2018.05.15-21.25.47:934][472]LogUObjectGlobals: Destroyed PersistentFrame Addr=0x000001ef783ebf90, Size=112
[2018.05.15-21.25.47:935][472]LogEditorActor: Deleted 1 Actors (0.064 secs)
[2018.05.15-21.26.16:287][347]LogSlate: FSceneViewport::OnFocusLost() reason 2
[2018.05.15-21.26.16:484][347]LogUObjectGlobals: Destroyed PersistentFrame Addr=0x000001ef783e8100, Size=112
[2018.05.15-21.26.16:484][347]LogUObjectGlobals: Created PersistentFrame Addr=0x000001ef0e32f900, Size=112, Default__ThirdPersonExampleMap_C Function /Engine/Transient.REINST_ThirdPersonExampleMap_C_35:ExecuteUbergraph_ThirdPersonExampleMap
[2018.05.15-21.26.16:492][347]LogUObjectGlobals: Created PersistentFrame Addr=0x000001ef0be527f0, Size=112, Default__ThirdPersonExampleMap_C Function /Game/ThirdPersonBP/Maps/ThirdPersonExampleMap.ThirdPersonExampleMap_C:ExecuteUbergraph_ThirdPersonExampleMap
[2018.05.15-21.26.16:691][347]LogSavePackage: Save=254.58ms
[2018.05.15-21.26.16:691][347]LogSavePackage: Moving '../../../../../../Users/rotci/Documents/Unreal Projects/RecursiveTCC 4.19/Saved/ThirdPersonExampleMap_Auto24201429B4C88481312AA9D9B0CB3B428.tmp' to '../../../../../../Users/rotci/Documents/Unreal Projects/RecursiveTCC 4.19/Saved/Autosaves/Game/ThirdPersonBP/Maps/ThirdPersonExampleMap_Auto2.umap'
[2018.05.15-21.26.16:696][347]LogSavePackage: Display: Finished SavePackage ../../../../../../Users/rotci/Documents/Unreal Projects/RecursiveTCC 4.19/Saved/Autosaves/Game/ThirdPersonBP/Maps/ThirdPersonExampleMap_Auto2.umap
[2018.05.15-21.26.16:704][347]LogFileHelpers: Editor autosave (incl. sublevels) for '/Game/ThirdPersonBP/Maps/ThirdPersonExampleMap' took 0.374
[2018.05.15-21.26.16:704][347]LogFileHelpers: Editor autosave (incl. sublevels) for all levels took 0.374
[2018.05.15-21.27.47:790][553]LogTemp: Repeating last play command: Selected Viewport
[2018.05.15-21.27.47:964][553]LogBlueprintUserMessages: Early PlayInEditor Detection: Level '/Game/ThirdPersonBP/Maps/ThirdPersonExampleMap.ThirdPersonExampleMap:PersistentLevel' has LevelScriptBlueprint '/Game/ThirdPersonBP/Maps/ThirdPersonExampleMap.ThirdPersonExampleMap:PersistentLevel.ThirdPersonExampleMap' with GeneratedClass '/Game/ThirdPersonBP/Maps/ThirdPersonExampleMap.ThirdPersonExampleMap_C' with ClassGeneratedBy '/Game/ThirdPersonBP/Maps/ThirdPersonExampleMap.ThirdPersonExampleMap:PersistentLevel.ThirdPersonExampleMap'
[2018.05.15-21.27.48:044][553]LogPlayLevel: PlayLevel: No blueprints needed recompiling
[2018.05.15-21.27.48:206][553]PIE: New page: PIE session: ThirdPersonExampleMap (May 15, 2018, 3:27:48 PM)
[2018.05.15-21.27.48:208][553]LogPlayLevel: Creating play world package: /Game/ThirdPersonBP/Maps/UEDPIE_0_ThirdPersonExampleMap
[2018.05.15-21.27.48:324][553]LogPlayLevel: PIE: StaticDuplicateObject took: (0.116727s)
[2018.05.15-21.27.48:326][553]LogAIModule: Creating AISystem for world ThirdPersonExampleMap
[2018.05.15-21.27.48:327][553]LogPlayLevel: PIE: World Init took: (0.001973s)
[2018.05.15-21.27.48:327][553]LogPlayLevel: PIE: Created PIE world by copying editor world from /Game/ThirdPersonBP/Maps/ThirdPersonExampleMap.ThirdPersonExampleMap to /Game/ThirdPersonBP/Maps/UEDPIE_0_ThirdPersonExampleMap.ThirdPersonExampleMap (0.119161s)
[2018.05.15-21.27.48:375][553]LogInit: XAudio2 using 'Alto-falantes (VIA HD Audio)' : 2 channels at 48 kHz using 32 bits per sample (channel mask 0x3)
[2018.05.15-21.27.48:394][553]LogInit: FAudioDevice initialized.
[2018.05.15-21.27.48:471][553]LogLoad: Game class is 'ThirdPersonGameMode_C'
[2018.05.15-21.27.48:733][553]LogWorld: Bringing World /Game/ThirdPersonBP/Maps/UEDPIE_0_ThirdPersonExampleMap.ThirdPersonExampleMap up for play (max tick rate 0) at 2018.05.15-18.27.48
[2018.05.15-21.27.48:881][553]LogWorld: Bringing up level for play took: 0.176640
[2018.05.15-21.27.49:074][553]LogContentBrowser: Native class hierarchy updated for 'MovieSceneCapture' in 0.0020 seconds. Added 11 classes and 0 folders.
[2018.05.15-21.27.49:140][553]LogBlueprintUserMessages: [RecursiveLevelAlternative_470] Loaded Widget in level
[2018.05.15-21.27.49:154][553]LogBlueprintUserMessages: [RecursiveLevelAlternative_470] Dei bind no meio
[2018.05.15-21.27.49:169][553]PIE: Play in editor start time for /Game/ThirdPersonBP/Maps/UEDPIE_0_ThirdPersonExampleMap 0.281
[2018.05.15-21.27.49:169][553]LogBlueprintUserMessages: Late PlayInEditor Detection: Level '/Game/ThirdPersonBP/Maps/ThirdPersonExampleMap.ThirdPersonExampleMap:PersistentLevel' has LevelScriptBlueprint '/Game/ThirdPersonBP/Maps/ThirdPersonExampleMap.ThirdPersonExampleMap:PersistentLevel.ThirdPersonExampleMap' with GeneratedClass '/Game/ThirdPersonBP/Maps/ThirdPersonExampleMap.ThirdPersonExampleMap_C' with ClassGeneratedBy '/Game/ThirdPersonBP/Maps/ThirdPersonExampleMap.ThirdPersonExampleMap:PersistentLevel.ThirdPersonExampleMap'
[2018.05.15-21.30.52:602][927]LogBlueprintUserMessages: [RecursiveLevelAlternative_470] Player Exited Area
[2018.05.15-21.30.52:742][932]LogBlueprintUserMessages: [RecursiveLevelAlternative_470] Player Entered Area
[2018.05.15-21.30.52:754][932]LogBlueprintUserMessages: [RecursiveLevelAlternative_470] Default Player position is now: X=-2425.134 Y=977.310 Z=107.271
[2018.05.15-21.30.53:820][971]LogBlueprintUserMessages: [RecursiveLevelAlternative_470] Player Entered Area
[2018.05.15-21.30.53:822][971]LogBlueprintUserMessages: [RecursiveLevelAlternative_470] Default Player position is now: X=-3025.119 Y=966.318 Z=107.271
[2018.05.15-21.31.03:866][345]LogBlueprintUserMessages: [FadeWidget_C_0] MEIO PORRA
[2018.05.15-21.31.03:866][345]LogBlueprintUserMessages: [RecursiveLevelAlternative_470] meiota
[2018.05.15-21.31.03:866][345]LogBlueprintUserMessages: [RecursiveLevelAlternative_470] Loaded RecursivePCStation_C
[2018.05.15-21.31.03:866][345]LogBlueprintUserMessages: [RecursiveLevelAlternative_470] Loaded PickupBox_C
[2018.05.15-21.31.03:867][345]LogBlueprintUserMessages: [RecursiveLevelAlternative_470] Destroying RecursivePCStation
[2018.05.15-21.31.03:867][345]LogBlueprintUserMessages: [RecursiveLevelAlternative_470] Destroying PickupBox
[2018.05.15-21.31.03:869][345]LogBlueprintUserMessages: [RecursiveLevelAlternative_470] Player position is now: X=-3025.119 Y=966.318 Z=107.271
[2018.05.15-21.31.08:688][593]LogBlueprintUserMessages: [FadeWidget_C_0] MEIO PORRA
[2018.05.15-21.31.08:688][593]LogBlueprintUserMessages: [RecursiveLevelAlternative_470] meiota
[2018.05.15-21.31.08:688][593]LogBlueprintUserMessages: [RecursiveLevelAlternative_470] Loaded RecursivePCStation_C
[2018.05.15-21.31.08:688][593]LogBlueprintUserMessages: [RecursiveLevelAlternative_470] Loaded PickupBox_C
[2018.05.15-21.31.08:688][593]LogBlueprintUserMessages: [RecursiveLevelAlternative_470] Destroying RecursivePCStation
[2018.05.15-21.31.08:692][593]LogBlueprintUserMessages: [RecursiveLevelAlternative_470] Player position is now: X=-4053.232 Y=1574.652 Z=103.233
[2018.05.15-21.31.17:688][  9]LogBlueprintUserMessages: [FadeWidget_C_0] MEIO PORRA
[2018.05.15-21.31.17:688][  9]LogBlueprintUserMessages: [RecursiveLevelAlternative_470] meiota
[2018.05.15-21.31.17:688][  9]LogBlueprintUserMessages: [RecursiveLevelAlternative_470] Loaded RecursivePCStation_C
[2018.05.15-21.31.17:688][  9]LogBlueprintUserMessages: [RecursiveLevelAlternative_470] Loaded PickupBox_C
[2018.05.15-21.31.17:689][  9]LogBlueprintUserMessages: [RecursiveLevelAlternative_470] Destroying RecursivePCStation1
[2018.05.15-21.31.17:689][  9]LogBlueprintUserMessages: [RecursiveLevelAlternative_470] Destroying PickupBox2
[2018.05.15-21.31.17:689][  9]LogBlueprintUserMessages: [RecursiveLevelAlternative_470] Destroying PickupBox3
[2018.05.15-21.31.17:691][  9]LogBlueprintUserMessages: [RecursiveLevelAlternative_470] Player position is now: X=-4134.525 Y=533.922 Z=103.264
[2018.05.15-21.31.22:071][235]LogBlueprintUserMessages: [FadeWidget_C_0] MEIO PORRA
[2018.05.15-21.31.22:071][235]LogBlueprintUserMessages: [RecursiveLevelAlternative_470] meiota
[2018.05.15-21.31.22:071][235]LogBlueprintUserMessages: [RecursiveLevelAlternative_470] Loaded RecursivePCStation_C
[2018.05.15-21.31.22:071][235]LogBlueprintUserMessages: [RecursiveLevelAlternative_470] Loaded PickupBox_C
[2018.05.15-21.31.22:071][235]LogBlueprintUserMessages: [RecursiveLevelAlternative_470] Destroying RecursivePCStation2
[2018.05.15-21.31.22:074][235]LogBlueprintUserMessages: [RecursiveLevelAlternative_470] Player position is now: X=-3025.119 Y=966.318 Z=107.271
[2018.05.15-21.31.26:241][441]LogBlueprintUserMessages: [FadeWidget_C_0] MEIO PORRA
[2018.05.15-21.31.26:242][441]LogBlueprintUserMessages: [RecursiveLevelAlternative_470] meiota
[2018.05.15-21.31.26:242][441]LogBlueprintUserMessages: [RecursiveLevelAlternative_470] Loaded RecursivePCStation_C
[2018.05.15-21.31.26:242][441]LogBlueprintUserMessages: [RecursiveLevelAlternative_470] Loaded PickupBox_C
[2018.05.15-21.31.26:242][441]LogBlueprintUserMessages: [RecursiveLevelAlternative_470] Destroying RecursivePCStation3
[2018.05.15-21.31.26:244][441]LogBlueprintUserMessages: [RecursiveLevelAlternative_470] Player position is now: X=-3993.926 Y=1573.618 Z=103.264
[2018.05.15-21.31.28:475][568]LogBlueprintUserMessages: [FadeWidget_C_0] MEIO PORRA
[2018.05.15-21.31.28:476][568]LogBlueprintUserMessages: [RecursiveLevelAlternative_470] meiota
[2018.05.15-21.31.28:476][568]LogBlueprintUserMessages: [RecursiveLevelAlternative_470] Loaded RecursivePCStation_C
[2018.05.15-21.31.28:476][568]LogBlueprintUserMessages: [RecursiveLevelAlternative_470] Loaded PickupBox_C
[2018.05.15-21.31.28:476][568]LogBlueprintUserMessages: [RecursiveLevelAlternative_470] Destroying RecursivePCStation4
[2018.05.15-21.31.28:478][568]LogBlueprintUserMessages: [RecursiveLevelAlternative_470] Player position is now: X=-3998.458 Y=1576.000 Z=103.264
[2018.05.15-21.31.47:681][510]LogBlueprintUserMessages: [RecursiveLevelAlternative_470] Player Exited Area
[2018.05.15-21.31.47:975][524]LogBlueprintUserMessages: [RecursiveLevelAlternative_470] Player Entered Area
[2018.05.15-21.31.47:975][524]LogBlueprintUserMessages: [RecursiveLevelAlternative_470] Default Player position is now: X=-4252.229 Y=1505.868 Z=103.264
[2018.05.15-21.35.19:470][733]LogBlueprintUserMessages: Early EndPlayMap Detection: Level '/Game/ThirdPersonBP/Maps/ThirdPersonExampleMap.ThirdPersonExampleMap:PersistentLevel' has LevelScriptBlueprint '/Game/ThirdPersonBP/Maps/ThirdPersonExampleMap.ThirdPersonExampleMap:PersistentLevel.ThirdPersonExampleMap' with GeneratedClass '/Game/ThirdPersonBP/Maps/ThirdPersonExampleMap.ThirdPersonExampleMap_C' with ClassGeneratedBy '/Game/ThirdPersonBP/Maps/ThirdPersonExampleMap.ThirdPersonExampleMap:PersistentLevel.ThirdPersonExampleMap'
[2018.05.15-21.35.19:718][733]LogBlueprintUserMessages: Late EndPlayMap Detection: Level '/Game/ThirdPersonBP/Maps/ThirdPersonExampleMap.ThirdPersonExampleMap:PersistentLevel' has LevelScriptBlueprint '/Game/ThirdPersonBP/Maps/ThirdPersonExampleMap.ThirdPersonExampleMap:PersistentLevel.ThirdPersonExampleMap' with GeneratedClass '/Game/ThirdPersonBP/Maps/ThirdPersonExampleMap.ThirdPersonExampleMap_C' with ClassGeneratedBy '/Game/ThirdPersonBP/Maps/ThirdPersonExampleMap.ThirdPersonExampleMap:PersistentLevel.ThirdPersonExampleMap'
[2018.05.15-21.35.19:749][733]LogUObjectGlobals: Destroyed PersistentFrame Addr=0x000001ef0e32f900, Size=112
[2018.05.15-21.35.21:326][774]LogSlate: FSceneViewport::OnFocusLost() reason 0
[2018.05.16-01.14.09:763][138]LogSlate: Window 'Save Content' being destroyed
[2018.05.16-01.14.09:883][138]LogSavePackage: Save=25.79ms
[2018.05.16-01.14.09:883][138]LogSavePackage: Moving '../../../../../../Users/rotci/Documents/Unreal Projects/RecursiveTCC 4.19/Saved/01_-_Default62C2BCA647BF1EAEAEE84097A1C01102.tmp' to '../../../../../../Users/rotci/Documents/Unreal Projects/RecursiveTCC 4.19/Content/ThirdPerson/Meshes/01_-_Default.uasset'
[2018.05.16-01.14.09:899][138]LogSavePackage: Display: Finished SavePackage ../../../../../../Users/rotci/Documents/Unreal Projects/RecursiveTCC 4.19/Content/ThirdPerson/Meshes/01_-_Default.uasset
[2018.05.16-01.14.09:917][138]Cmd: OBJ SAVEPACKAGE PACKAGE="/Game/ThirdPerson/Meshes/door_01" FILE="../../../../../../Users/rotci/Documents/Unreal Projects/RecursiveTCC 4.19/Content/ThirdPerson/Meshes/door_01.uasset" SILENT=true
[2018.05.16-01.14.09:937][138]LogSavePackage: Save=16.42ms
[2018.05.16-01.14.09:937][138]LogSavePackage: Moving '../../../../../../Users/rotci/Documents/Unreal Projects/RecursiveTCC 4.19/Saved/door_01333FB83840D17E34038A3DA0F467308A.tmp' to '../../../../../../Users/rotci/Documents/Unreal Projects/RecursiveTCC 4.19/Content/ThirdPerson/Meshes/door_01.uasset'
[2018.05.16-01.14.09:948][138]LogSavePackage: Display: Finished SavePackage ../../../../../../Users/rotci/Documents/Unreal Projects/RecursiveTCC 4.19/Content/ThirdPerson/Meshes/door_01.uasset
[2018.05.16-01.14.09:967][138]Cmd: OBJ SAVEPACKAGE PACKAGE="/Game/ThirdPerson/Meshes/uw" FILE="../../../../../../Users/rotci/Documents/Unreal Projects/RecursiveTCC 4.19/Content/ThirdPerson/Meshes/uw.uasset" SILENT=true
[2018.05.16-01.14.10:647][138]LogSavePackage: Save=675.87ms
[2018.05.16-01.14.10:647][138]LogSavePackage: Moving '../../../../../../Users/rotci/Documents/Unreal Projects/RecursiveTCC 4.19/Saved/uwA160B9F140881226C7176E863F994BAD.tmp' to '../../../../../../Users/rotci/Documents/Unreal Projects/RecursiveTCC 4.19/Content/ThirdPerson/Meshes/uw.uasset'
[2018.05.16-01.14.10:658][138]LogSavePackage: Display: Finished SavePackage ../../../../../../Users/rotci/Documents/Unreal Projects/RecursiveTCC 4.19/Content/ThirdPerson/Meshes/uw.uasset
[2018.05.16-01.14.11:132][138]LogUObjectGlobals: Destroyed PersistentFrame Addr=0x000001ef0be527f0, Size=112
[2018.05.16-01.14.11:132][138]LogUObjectGlobals: Created PersistentFrame Addr=0x000001ef6d0c11a0, Size=112, Default__ThirdPersonExampleMap_C Function /Engine/Transient.REINST_ThirdPersonExampleMap_C_39:ExecuteUbergraph_ThirdPersonExampleMap
[2018.05.16-01.14.11:141][138]LogUObjectGlobals: Created PersistentFrame Addr=0x000001ef73a502c0, Size=112, Default__ThirdPersonExampleMap_C Function /Game/ThirdPersonBP/Maps/ThirdPersonExampleMap.ThirdPersonExampleMap_C:ExecuteUbergraph_ThirdPersonExampleMap
[2018.05.16-01.14.11:332][138]LogSavePackage: Save=228.11ms
[2018.05.16-01.14.11:332][138]LogSavePackage: Moving '../../../../../../Users/rotci/Documents/Unreal Projects/RecursiveTCC 4.19/Saved/ThirdPersonExampleMapDAFC644C401C3374F0C65A83D45DCD89.tmp' to '../../../../../../Users/rotci/Documents/Unreal Projects/RecursiveTCC 4.19/Content/ThirdPersonBP/Maps/ThirdPersonExampleMap.umap'
[2018.05.16-01.14.11:344][138]LogSavePackage: Display: Finished SavePackage ../../../../../../Users/rotci/Documents/Unreal Projects/RecursiveTCC 4.19/Content/ThirdPersonBP/Maps/ThirdPersonExampleMap.umap
[2018.05.16-01.14.11:543][138]LogFileHelpers: Saving map 'ThirdPersonExampleMap' took 0.880
[2018.05.16-01.14.11:726][138]LogSlate: Window 'door_01' being destroyed
[2018.05.16-01.14.12:427][138]LogSlate: Window 'RecursiveTCC - Unreal Editor' being destroyed
[2018.05.16-01.14.12:428][138]LogWindowsTextInputMethodSystem: Display: IME system now deactivated.
[2018.05.16-01.14.12:782][139]Cmd: QUIT_EDITOR
[2018.05.16-01.14.13:017][139]LogSlate: Slate User Destroyed.  User Index 0, Is Virtual User: 0
[2018.05.16-01.14.13:018][139]LogExit: Preparing to exit.
[2018.05.16-01.14.13:892][139]LogDirectoryWatcher: A directory notification for 'C:/Users/rotci/Documents/Unreal Projects/RecursiveTCC 4.19/Content/' was aborted.
[2018.05.16-01.14.14:054][139]LogExit: Editor shut down
[2018.05.16-01.14.14:092][139]LogExit: Transaction tracking system shut down
[2018.05.16-01.14.14:094][139]LogUObjectGlobals: Destroyed PersistentFrame Addr=0x000001ef437b64d0, Size=72
[2018.05.16-01.14.14:095][139]LogUObjectGlobals: Destroyed PersistentFrame Addr=0x000001ef63dde980, Size=544
[2018.05.16-01.14.14:095][139]LogUObjectGlobals: Destroyed PersistentFrame Addr=0x000001ef63e1d440, Size=424
[2018.05.16-01.14.14:095][139]LogUObjectGlobals: Destroyed PersistentFrame Addr=0x000001ef63ce6200, Size=136
[2018.05.16-01.14.14:095][139]LogUObjectGlobals: Destroyed PersistentFrame Addr=0x000001ef63c7be80, Size=352
[2018.05.16-01.14.14:096][139]LogUObjectGlobals: Destroyed PersistentFrame Addr=0x000001ef63ca3580, Size=408
[2018.05.16-01.14.14:096][139]LogUObjectGlobals: Destroyed PersistentFrame Addr=0x000001ef63c37900, Size=1072
[2018.05.16-01.14.14:096][139]LogUObjectGlobals: Destroyed PersistentFrame Addr=0x000001ef73a502c0, Size=112
[2018.05.16-01.14.14:096][139]LogUObjectGlobals: Destroyed PersistentFrame Addr=0x000001ef6d0c11a0, Size=112
[2018.05.16-01.14.14:171][139]LogUObjectGlobals: Destroyed PersistentFrame Addr=0x000001ef63c68a90, Size=24
[2018.05.16-01.14.14:357][139]LogDirectoryWatcher: A directory notification for '../../../Engine/Content/' was aborted.
[2018.05.16-01.14.14:358][139]LogDirectoryWatcher: A directory notification for '../../../../../../Users/rotci/Documents/Unreal Projects/RecursiveTCC 4.19/Content/' was aborted.
[2018.05.16-01.14.14:358][139]LogDirectoryWatcher: A directory notification for '../../Plugins/2D/Paper2D/Content/' was aborted.
[2018.05.16-01.14.14:358][139]LogDirectoryWatcher: A directory notification for '../../Plugins/Enterprise/DatasmithContent/Content/' was aborted.
[2018.05.16-01.14.14:358][139]LogDirectoryWatcher: A directory notification for '../../Plugins/Media/MediaCompositing/Content/' was aborted.
[2018.05.16-01.14.14:358][139]LogDirectoryWatcher: A directory notification for '../../Plugins/Runtime/AppleARKit/Content/' was aborted.
[2018.05.16-01.14.14:358][139]LogDirectoryWatcher: A directory notification for '../../Plugins/Runtime/Oculus/OculusVR/Content/' was aborted.
[2018.05.16-01.14.14:358][139]LogDirectoryWatcher: A directory notification for '../../Plugins/Runtime/Steam/SteamVR/Content/' was aborted.
[2018.05.16-01.14.14:550][139]LogExit: Object subsystem successfully closed.
[2018.05.16-01.14.14:612][139]LogShaderCompilers: Display: Shaders left to compile 0
[2018.05.16-01.14.14:664][139]LogD3D11RHI: Shutdown
[2018.05.16-01.14.14:664][139]LogD3D11RHI: CleanupD3DDevice
[2018.05.16-01.14.14:671][139]LogD3D11RHI: ~FD3D11DynamicRHI
[2018.05.16-01.14.14:767][139]LogModuleManager: Shutting down and abandoning module MovieSceneCapture (580)
[2018.05.16-01.14.14:794][139]LogModuleManager: Shutting down and abandoning module PortalProxies (578)
[2018.05.16-01.14.14:794][139]LogModuleManager: Shutting down and abandoning module StaticMeshEditor (576)
[2018.05.16-01.14.14:794][139]LogModuleManager: Shutting down and abandoning module HierarchicalLODOutliner (574)
[2018.05.16-01.14.14:794][139]LogModuleManager: Shutting down and abandoning module SceneOutliner (572)
[2018.05.16-01.14.14:794][139]LogModuleManager: Shutting down and abandoning module AddContentDialog (570)
[2018.05.16-01.14.14:794][139]LogDirectoryWatcher: A directory notification for 'C:/Program Files/Epic Games/UE_4.19/FeaturePacks/' was aborted.
[2018.05.16-01.14.14:802][139]LogModuleManager: Shutting down and abandoning module WidgetCarousel (569)
[2018.05.16-01.14.14:802][139]LogModuleManager: Shutting down and abandoning module EditorWidgets (566)
[2018.05.16-01.14.14:802][139]LogModuleManager: Shutting down and abandoning module CollectionManager (564)
[2018.05.16-01.14.14:802][139]LogDirectoryWatcher: A directory notification for 'C:/Users/rotci/Documents/Unreal Projects/RecursiveTCC 4.19/Content/Collections/' was aborted.
[2018.05.16-01.14.14:802][139]LogDirectoryWatcher: A directory notification for 'C:/Users/rotci/Documents/Unreal Projects/RecursiveTCC 4.19/Content/Developers/rotci/Collections/' was aborted.
[2018.05.16-01.14.14:802][139]LogDirectoryWatcher: A directory notification for 'C:/Users/rotci/Documents/Unreal Projects/RecursiveTCC 4.19/Saved/Collections/' was aborted.
[2018.05.16-01.14.14:802][139]LogModuleManager: Shutting down and abandoning module StatsViewer (562)
[2018.05.16-01.14.14:802][139]LogModuleManager: Shutting down and abandoning module FoliageEdit (560)
[2018.05.16-01.14.14:802][139]LogModuleManager: Shutting down and abandoning module LandscapeEditor (558)
[2018.05.16-01.14.14:803][139]LogModuleManager: Shutting down and abandoning module MeshPaintMode (556)
[2018.05.16-01.14.14:803][139]LogModuleManager: Shutting down and abandoning module SceneDepthPickerMode (554)
[2018.05.16-01.14.14:803][139]LogModuleManager: Shutting down and abandoning module ActorPickerMode (552)
[2018.05.16-01.14.14:803][139]LogModuleManager: Shutting down and abandoning module GeometryMode (550)
[2018.05.16-01.14.14:803][139]LogModuleManager: Shutting down and abandoning module TextureAlignMode (548)
[2018.05.16-01.14.14:803][139]LogModuleManager: Shutting down and abandoning module BspMode (546)
[2018.05.16-01.14.14:803][139]LogModuleManager: Shutting down and abandoning module PIEPreviewDeviceProfileSelector (544)
[2018.05.16-01.14.14:803][139]LogModuleManager: Shutting down and abandoning module HardwareSurvey (542)
[2018.05.16-01.14.14:803][139]LogModuleManager: Shutting down and abandoning module SequenceRecorderSections (540)
[2018.05.16-01.14.14:803][139]LogModuleManager: Shutting down and abandoning module AutomationWorker (538)
[2018.05.16-01.14.14:803][139]LogModuleManager: Shutting down and abandoning module AudioCaptureEditor (536)
[2018.05.16-01.14.14:803][139]LogModuleManager: Shutting down and abandoning module SequenceRecorder (535)
[2018.05.16-01.14.14:803][139]LogModuleManager: Shutting down and abandoning module MatineeToLevelSequence (532)
[2018.05.16-01.14.14:803][139]LogModuleManager: Shutting down and abandoning module LevelSequenceEditor (530)
[2018.05.16-01.14.14:804][139]LogModuleManager: Shutting down and abandoning module PlacementMode (529)
[2018.05.16-01.14.14:804][139]LogModuleManager: Shutting down and abandoning module MaterialEditor (528)
[2018.05.16-01.14.14:804][139]LogModuleManager: Shutting down and abandoning module WmfMediaFactory (524)
[2018.05.16-01.14.14:804][139]LogModuleManager: Shutting down and abandoning module WmfMediaEditor (522)
[2018.05.16-01.14.14:804][139]LogModuleManager: Shutting down and abandoning module MediaPlayerEditor (520)
[2018.05.16-01.14.14:804][139]LogModuleManager: Shutting down and abandoning module OpenExrWrapper (518)
[2018.05.16-01.14.14:804][139]LogModuleManager: Shutting down and abandoning module ImgMediaFactory (516)
[2018.05.16-01.14.14:804][139]LogModuleManager: Shutting down and abandoning module ImgMediaEditor (514)
[2018.05.16-01.14.14:804][139]LogModuleManager: Shutting down and abandoning module AvfMediaFactory (512)
[2018.05.16-01.14.14:804][139]LogModuleManager: Shutting down and abandoning module AvfMediaEditor (510)
[2018.05.16-01.14.14:804][139]LogModuleManager: Shutting down and abandoning module AndroidMediaFactory (508)
[2018.05.16-01.14.14:804][139]LogModuleManager: Shutting down and abandoning module AndroidMediaEditor (506)
[2018.05.16-01.14.14:804][139]LogModuleManager: Shutting down and abandoning module CharacterAI (504)
[2018.05.16-01.14.14:804][139]LogModuleManager: Shutting down and abandoning module SmartSnapping (502)
[2018.05.16-01.14.14:804][139]LogModuleManager: Shutting down and abandoning module SessionServices (500)
[2018.05.16-01.14.14:804][139]LogModuleManager: Shutting down and abandoning module ViewportSnapping (498)
[2018.05.16-01.14.14:804][139]LogModuleManager: Shutting down and abandoning module ViewportInteraction (496)
[2018.05.16-01.14.14:804][139]LogModuleManager: Shutting down and abandoning module ClothPainter (494)
[2018.05.16-01.14.14:805][139]LogModuleManager: Shutting down and abandoning module SkeletalMeshEditor (493)
[2018.05.16-01.14.14:805][139]LogModuleManager: Shutting down and abandoning module LogVisualizer (490)
[2018.05.16-01.14.14:805][139]LogModuleManager: Shutting down and abandoning module IntroTutorials (488)
[2018.05.16-01.14.14:805][139]LogModuleManager: Shutting down and abandoning module GameProjectGeneration (487)
[2018.05.16-01.14.14:807][139]LogModuleManager: Shutting down and abandoning module IOSPlatformEditor (484)
[2018.05.16-01.14.14:808][139]LogModuleManager: Shutting down and abandoning module HTML5PlatformEditor (482)
[2018.05.16-01.14.14:808][139]LogModuleManager: Shutting down and abandoning module AndroidPlatformEditor (480)
[2018.05.16-01.14.14:808][139]LogModuleManager: Shutting down and abandoning module AndroidDeviceDetection (479)
